<?xml version="1.0" encoding="UTF-8"?>
<!-- Generated by org.testng.reporters.JUnitXMLReporter -->
<testsuite ignored="5" hostname="DESKTOP-QRJIP05" failures="0" tests="7" name="Surefire test" time="220.13" errors="0" timestamp="2025-02-17T12:38:58 IST">
  <testcase classname="runner_Execution.Exceution" name="testCase3" time="2.927"/>
  <testcase classname="runner_Execution.Exceution" name="testCase" time="43.548"/>
  <testcase classname="runner_Execution.Exceution" name="testCase" time="34.867"/>
  <testcase classname="runner_Execution.Exceution" name="testCase" time="33.761"/>
  <testcase classname="runner_Execution.Exceution" name="testCase" time="35.01"/>
  <testcase classname="runner_Execution.Exceution" name="testCase" time="34.523"/>
  <testcase classname="runner_Execution.Exceution" name="testCase" time="34.295"/>
  <testcase classname="runner_Execution.Exceution" name="testCase4" time="0.0">
    <ignored/>
  </testcase> <!-- testCase4 -->
  <testcase classname="runner_Execution.Exceution" name="testCase6" time="0.0">
    <ignored/>
  </testcase> <!-- testCase6 -->
  <testcase classname="runner_Execution.Exceution" name="testCase2" time="0.0">
    <ignored/>
  </testcase> <!-- testCase2 -->
  <testcase classname="runner_Execution.Exceution" name="testCase1" time="0.0">
    <ignored/>
  </testcase> <!-- testCase1 -->
  <testcase classname="runner_Execution.Exceution" name="compareExcelData" time="0.0">
    <ignored/>
  </testcase> <!-- compareExcelData -->
</testsuite> <!-- Surefire test -->
