<?xml version="1.0" encoding="UTF-8"?>
<!-- Generated by org.testng.reporters.JUnitXMLReporter -->
<testsuite ignored="7" hostname="DESKTOP-QRJIP05" failures="0" tests="2" name="Surefire test" time="78.276" errors="0" timestamp="2025-02-19T14:47:13 IST">
  <testcase classname="runner_Execution.Exceution" name="testCase3" time="2.893"/>
  <testcase classname="runner_Execution.Exceution" name="testReadPdfData" time="75.294"/>
  <testcase classname="runner_Execution.Exceution" name="testCase6" time="0.0">
    <ignored/>
  </testcase> <!-- testCase6 -->
  <testcase classname="runner_Execution.Exceution" name="testCaseGrade" time="0.0">
    <ignored/>
  </testcase> <!-- testCaseGrade -->
  <testcase classname="runner_Execution.Exceution" name="testCase2" time="0.0">
    <ignored/>
  </testcase> <!-- testCase2 -->
  <testcase classname="runner_Execution.Exceution" name="testCase1" time="0.0">
    <ignored/>
  </testcase> <!-- testCase1 -->
  <testcase classname="runner_Execution.Exceution" name="testCase4" time="0.0">
    <ignored/>
  </testcase> <!-- testCase4 -->
  <testcase classname="runner_Execution.Exceution" name="testCasePaperMark" time="0.0">
    <ignored/>
  </testcase> <!-- testCasePaperMark -->
  <testcase classname="runner_Execution.Exceution" name="compareExcelData" time="0.0">
    <ignored/>
  </testcase> <!-- compareExcelData -->
</testsuite> <!-- Surefire test -->
