<?xml version="1.0" encoding="UTF-8"?>
<!-- Generated by org.testng.reporters.JUnitXMLReporter -->
<testsuite ignored="9" hostname="DESKTOP-QRJIP05" failures="0" tests="8" name="Default test" time="262.592" errors="0" timestamp="2025-03-06T11:40:33 IST">
  <testcase classname="runner_Execution.Exceution" name="testCase11" time="32.888"/>
  <testcase classname="runner_Execution.Exceution" name="testCase11" time="32.543"/>
  <testcase classname="runner_Execution.Exceution" name="testCase11" time="32.725"/>
  <testcase classname="runner_Execution.Exceution" name="testCase11" time="32.591"/>
  <testcase classname="runner_Execution.Exceution" name="testCase11" time="32.509"/>
  <testcase classname="runner_Execution.Exceution" name="testCase11" time="33.086"/>
  <testcase classname="runner_Execution.Exceution" name="testCase11" time="32.677"/>
  <testcase classname="runner_Execution.Exceution" name="testCase11" time="32.64"/>
  <testcase classname="runner_Execution.Exceution" name="testCase1" time="0.0">
    <ignored/>
  </testcase> <!-- testCase1 -->
  <testcase classname="runner_Execution.Exceution" name="testCase2" time="0.0">
    <ignored/>
  </testcase> <!-- testCase2 -->
  <testcase classname="runner_Execution.Exceution" name="testCase3" time="0.0">
    <ignored/>
  </testcase> <!-- testCase3 -->
  <testcase classname="runner_Execution.Exceution" name="testCase4" time="0.0">
    <ignored/>
  </testcase> <!-- testCase4 -->
  <testcase classname="runner_Execution.Exceution" name="testCaseGrade" time="0.0">
    <ignored/>
  </testcase> <!-- testCaseGrade -->
  <testcase classname="runner_Execution.Exceution" name="testCase6" time="0.0">
    <ignored/>
  </testcase> <!-- testCase6 -->
  <testcase classname="runner_Execution.Exceution" name="testCasePaperMark" time="0.0">
    <ignored/>
  </testcase> <!-- testCasePaperMark -->
  <testcase classname="runner_Execution.Exceution" name="testReadPdfDataWriteExcel" time="0.0">
    <ignored/>
  </testcase> <!-- testReadPdfDataWriteExcel -->
  <testcase classname="runner_Execution.Exceution" name="compareExcelData" time="0.0">
    <ignored/>
  </testcase> <!-- compareExcelData -->
</testsuite> <!-- Default test -->
