<?xml version="1.0" encoding="UTF-8"?>
<!-- Generated by org.testng.reporters.JUnitXMLReporter -->
<testsuite ignored="5" hostname="DESKTOP-QRJIP05" failures="0" tests="2" name="Default test" time="135.819" errors="0" timestamp="2025-02-13T17:32:30 IST">
  <testcase classname="runner_Execution.Exceution" name="testCase3" time="2.926"/>
  <testcase classname="runner_Execution.Exceution" name="testCase7" time="131.595"/>
  <testcase classname="runner_Execution.Exceution" name="testCase1" time="0.0">
    <ignored/>
  </testcase> <!-- testCase1 -->
  <testcase classname="runner_Execution.Exceution" name="testCase2" time="0.0">
    <ignored/>
  </testcase> <!-- testCase2 -->
  <testcase classname="runner_Execution.Exceution" name="testCase4" time="0.0">
    <ignored/>
  </testcase> <!-- testCase4 -->
  <testcase classname="runner_Execution.Exceution" name="testCase6" time="0.0">
    <ignored/>
  </testcase> <!-- testCase6 -->
  <testcase classname="runner_Execution.Exceution" name="compareExcelData" time="0.0">
    <ignored/>
  </testcase> <!-- compareExcelData -->
</testsuite> <!-- Default test -->
