<?xml version="1.0" encoding="UTF-8"?>
<testng-results ignored="0" total="2" passed="2" failed="0" skipped="0">
  <reporter-output>
  </reporter-output>
  <suite started-at="2025-02-19T14:45:54 IST" name="Surefire suite" finished-at="2025-02-19T14:47:13 IST" duration-ms="78276">
    <groups>
    </groups>
    <test started-at="2025-02-19T14:45:54 IST" name="Surefire test" finished-at="2025-02-19T14:47:13 IST" duration-ms="78276">
      <class name="runner_Execution.Exceution">
        <test-method is-config="true" signature="beforeSuite()[pri:0, instance:runner_Execution.Exceution@2e8c1c9b]" started-at="2025-02-19T14:45:46 IST" name="beforeSuite" finished-at="2025-02-19T14:45:54 IST" duration-ms="8748" status="PASS">
          <reporter-output>
          </reporter-output>
        </test-method> <!-- beforeSuite -->
        <test-method is-config="true" signature="beforeTest()[pri:0, instance:runner_Execution.Exceution@2e8c1c9b]" started-at="2025-02-19T14:45:54 IST" name="beforeTest" finished-at="2025-02-19T14:45:54 IST" duration-ms="1" status="PASS">
          <reporter-output>
          </reporter-output>
        </test-method> <!-- beforeTest -->
        <test-method is-config="true" signature="beforeClass()[pri:0, instance:runner_Execution.Exceution@2e8c1c9b]" started-at="2025-02-19T14:45:54 IST" name="beforeClass" finished-at="2025-02-19T14:45:54 IST" duration-ms="3" status="PASS">
          <reporter-output>
          </reporter-output>
        </test-method> <!-- beforeClass -->
        <test-method is-config="true" signature="beforeMethod()[pri:0, instance:runner_Execution.Exceution@2e8c1c9b]" started-at="2025-02-19T14:45:54 IST" name="beforeMethod" finished-at="2025-02-19T14:45:54 IST" duration-ms="0" status="PASS">
          <reporter-output>
          </reporter-output>
        </test-method> <!-- beforeMethod -->
        <test-method signature="testCase3()[pri:3, instance:runner_Execution.Exceution@2e8c1c9b]" started-at="2025-02-19T14:45:54 IST" name="testCase3" finished-at="2025-02-19T14:45:57 IST" duration-ms="2893" status="PASS">
          <reporter-output>
          </reporter-output>
        </test-method> <!-- testCase3 -->
        <test-method is-config="true" signature="afterMethod()[pri:0, instance:runner_Execution.Exceution@2e8c1c9b]" started-at="2025-02-19T14:45:57 IST" name="afterMethod" finished-at="2025-02-19T14:45:57 IST" duration-ms="0" status="PASS">
          <reporter-output>
          </reporter-output>
        </test-method> <!-- afterMethod -->
        <test-method is-config="true" signature="beforeMethod()[pri:0, instance:runner_Execution.Exceution@2e8c1c9b]" started-at="2025-02-19T14:45:57 IST" name="beforeMethod" finished-at="2025-02-19T14:45:57 IST" duration-ms="1" status="PASS">
          <reporter-output>
          </reporter-output>
        </test-method> <!-- beforeMethod -->
        <test-method signature="testReadPdfData()[pri:8, instance:runner_Execution.Exceution@2e8c1c9b]" started-at="2025-02-19T14:45:57 IST" name="testReadPdfData" finished-at="2025-02-19T14:47:13 IST" duration-ms="75294" status="PASS">
          <reporter-output>
          </reporter-output>
        </test-method> <!-- testReadPdfData -->
        <test-method is-config="true" signature="afterMethod()[pri:0, instance:runner_Execution.Exceution@2e8c1c9b]" started-at="2025-02-19T14:47:13 IST" name="afterMethod" finished-at="2025-02-19T14:47:13 IST" duration-ms="0" status="PASS">
          <reporter-output>
          </reporter-output>
        </test-method> <!-- afterMethod -->
        <test-method is-config="true" signature="afterClass()[pri:0, instance:runner_Execution.Exceution@2e8c1c9b]" started-at="2025-02-19T14:47:13 IST" name="afterClass" finished-at="2025-02-19T14:47:13 IST" duration-ms="2" status="PASS">
          <reporter-output>
          </reporter-output>
        </test-method> <!-- afterClass -->
        <test-method is-config="true" signature="afterTest()[pri:0, instance:runner_Execution.Exceution@2e8c1c9b]" started-at="2025-02-19T14:47:13 IST" name="afterTest" finished-at="2025-02-19T14:47:13 IST" duration-ms="1" status="PASS">
          <reporter-output>
          </reporter-output>
        </test-method> <!-- afterTest -->
        <test-method is-config="true" signature="afterSuite()[pri:0, instance:runner_Execution.Exceution@2e8c1c9b]" started-at="2025-02-19T14:47:13 IST" name="afterSuite" finished-at="2025-02-19T14:47:16 IST" duration-ms="2898" status="PASS">
          <reporter-output>
          </reporter-output>
        </test-method> <!-- afterSuite -->
      </class> <!-- runner_Execution.Exceution -->
    </test> <!-- Surefire test -->
  </suite> <!-- Surefire suite -->
</testng-results>
