<?xml version="1.0" encoding="UTF-8"?>
<testng-results ignored="0" total="7" passed="7" failed="0" skipped="0">
  <reporter-output>
  </reporter-output>
  <suite started-at="2025-02-17T12:35:18 IST" name="Surefire suite" finished-at="2025-02-17T12:38:58 IST" duration-ms="220130">
    <groups>
    </groups>
    <test started-at="2025-02-17T12:35:18 IST" name="Surefire test" finished-at="2025-02-17T12:38:58 IST" duration-ms="220130">
      <class name="runner_Execution.Exceution">
        <test-method is-config="true" signature="beforeSuite()[pri:0, instance:runner_Execution.Exceution@25641d39]" started-at="2025-02-17T12:35:11 IST" name="beforeSuite" finished-at="2025-02-17T12:35:18 IST" duration-ms="6895" status="PASS">
          <reporter-output>
          </reporter-output>
        </test-method> <!-- beforeSuite -->
        <test-method is-config="true" signature="beforeTest()[pri:0, instance:runner_Execution.Exceution@25641d39]" started-at="2025-02-17T12:35:18 IST" name="beforeTest" finished-at="2025-02-17T12:35:18 IST" duration-ms="2" status="PASS">
          <reporter-output>
          </reporter-output>
        </test-method> <!-- beforeTest -->
        <test-method is-config="true" signature="beforeClass()[pri:0, instance:runner_Execution.Exceution@25641d39]" started-at="2025-02-17T12:35:18 IST" name="beforeClass" finished-at="2025-02-17T12:35:18 IST" duration-ms="1" status="PASS">
          <reporter-output>
          </reporter-output>
        </test-method> <!-- beforeClass -->
        <test-method is-config="true" signature="beforeMethod()[pri:0, instance:runner_Execution.Exceution@25641d39]" started-at="2025-02-17T12:35:18 IST" name="beforeMethod" finished-at="2025-02-17T12:35:18 IST" duration-ms="1" status="PASS">
          <reporter-output>
          </reporter-output>
        </test-method> <!-- beforeMethod -->
        <test-method signature="testCase3()[pri:3, instance:runner_Execution.Exceution@25641d39]" started-at="2025-02-17T12:35:18 IST" name="testCase3" finished-at="2025-02-17T12:35:21 IST" duration-ms="2927" status="PASS">
          <reporter-output>
          </reporter-output>
        </test-method> <!-- testCase3 -->
        <test-method is-config="true" signature="afterMethod()[pri:0, instance:runner_Execution.Exceution@25641d39]" started-at="2025-02-17T12:35:21 IST" name="afterMethod" finished-at="2025-02-17T12:35:21 IST" duration-ms="1" status="PASS">
          <reporter-output>
          </reporter-output>
        </test-method> <!-- afterMethod -->
        <test-method is-config="true" signature="beforeMethod()[pri:0, instance:runner_Execution.Exceution@25641d39]" started-at="2025-02-17T12:35:22 IST" name="beforeMethod" finished-at="2025-02-17T12:35:22 IST" duration-ms="1" status="PASS">
          <reporter-output>
          </reporter-output>
        </test-method> <!-- beforeMethod -->
        <test-method signature="testCase(java.lang.Object,java.lang.Object,java.lang.Object,java.lang.Object,java.lang.Object,java.lang.Object,java.lang.Object,java.lang.Object,java.lang.Object,java.lang.Object,java.lang.Object,java.lang.Object,java.lang.String,java.lang.Object,java.lang.Object,java.lang.Object)[pri:6, instance:runner_Execution.Exceution@25641d39]" started-at="2025-02-17T12:35:22 IST" name="testCase" data-provider="excel" finished-at="2025-02-17T12:36:05 IST" duration-ms="43548" status="PASS">
          <params>
            <param index="0">
              <value>
                <![CDATA[2310771009]]>
              </value>
            </param>
            <param index="1">
              <value>
                <![CDATA[Dec-24]]>
              </value>
            </param>
            <param index="2">
              <value>
                <![CDATA[UG PARAMEDICAL]]>
              </value>
            </param>
            <param index="3">
              <value>
                <![CDATA[I Semester]]>
              </value>
            </param>
            <param index="4">
              <value>
                <![CDATA[2022]]>
              </value>
            </param>
            <param index="5">
              <value>
                <![CDATA[Supplementary]]>
              </value>
            </param>
            <param index="6">
              <value>
                <![CDATA[20]]>
              </value>
            </param>
            <param index="7">
              <value>
                <![CDATA[18]]>
              </value>
            </param>
            <param index="8">
              <value>
                <![CDATA[NA]]>
              </value>
            </param>
            <param index="9">
              <value>
                <![CDATA[NA]]>
              </value>
            </param>
            <param index="10">
              <value>
                <![CDATA[38]]>
              </value>
            </param>
            <param index="11">
              <value>
                <![CDATA[0]]>
              </value>
            </param>
            <param index="12">
              <value>
                <![CDATA[Communicative English]]>
              </value>
            </param>
            <param index="13">
              <value>
                <![CDATA[NA]]>
              </value>
            </param>
            <param index="14">
              <value>
                <![CDATA[NA]]>
              </value>
            </param>
            <param index="15">
              <value>
                <![CDATA[NA]]>
              </value>
            </param>
          </params>
          <reporter-output>
          </reporter-output>
        </test-method> <!-- testCase -->
        <test-method is-config="true" signature="afterMethod()[pri:0, instance:runner_Execution.Exceution@25641d39]" started-at="2025-02-17T12:36:05 IST" name="afterMethod" finished-at="2025-02-17T12:36:05 IST" duration-ms="1" status="PASS">
          <reporter-output>
          </reporter-output>
        </test-method> <!-- afterMethod -->
        <test-method is-config="true" signature="beforeMethod()[pri:0, instance:runner_Execution.Exceution@25641d39]" started-at="2025-02-17T12:36:05 IST" name="beforeMethod" finished-at="2025-02-17T12:36:05 IST" duration-ms="1" status="PASS">
          <reporter-output>
          </reporter-output>
        </test-method> <!-- beforeMethod -->
        <test-method signature="testCase(java.lang.Object,java.lang.Object,java.lang.Object,java.lang.Object,java.lang.Object,java.lang.Object,java.lang.Object,java.lang.Object,java.lang.Object,java.lang.Object,java.lang.Object,java.lang.Object,java.lang.String,java.lang.Object,java.lang.Object,java.lang.Object)[pri:6, instance:runner_Execution.Exceution@25641d39]" started-at="2025-02-17T12:36:05 IST" name="testCase" data-provider="excel" finished-at="2025-02-17T12:36:40 IST" duration-ms="34867" status="PASS">
          <params>
            <param index="0">
              <value>
                <![CDATA[2310771009]]>
              </value>
            </param>
            <param index="1">
              <value>
                <![CDATA[Dec-24]]>
              </value>
            </param>
            <param index="2">
              <value>
                <![CDATA[UG PARAMEDICAL]]>
              </value>
            </param>
            <param index="3">
              <value>
                <![CDATA[I Semester]]>
              </value>
            </param>
            <param index="4">
              <value>
                <![CDATA[2022]]>
              </value>
            </param>
            <param index="5">
              <value>
                <![CDATA[Supplementary]]>
              </value>
            </param>
            <param index="6">
              <value>
                <![CDATA[16]]>
              </value>
            </param>
            <param index="7">
              <value>
                <![CDATA[49]]>
              </value>
            </param>
            <param index="8">
              <value>
                <![CDATA[NA]]>
              </value>
            </param>
            <param index="9">
              <value>
                <![CDATA[NA]]>
              </value>
            </param>
            <param index="10">
              <value>
                <![CDATA[65]]>
              </value>
            </param>
            <param index="11">
              <value>
                <![CDATA[0]]>
              </value>
            </param>
            <param index="12">
              <value>
                <![CDATA[Applied Anatomy & Applied Physiology]]>
              </value>
            </param>
            <param index="13">
              <value>
                <![CDATA[NA]]>
              </value>
            </param>
            <param index="14">
              <value>
                <![CDATA[NA]]>
              </value>
            </param>
            <param index="15">
              <value>
                <![CDATA[NA]]>
              </value>
            </param>
          </params>
          <reporter-output>
          </reporter-output>
        </test-method> <!-- testCase -->
        <test-method is-config="true" signature="afterMethod()[pri:0, instance:runner_Execution.Exceution@25641d39]" started-at="2025-02-17T12:36:40 IST" name="afterMethod" finished-at="2025-02-17T12:36:40 IST" duration-ms="1" status="PASS">
          <reporter-output>
          </reporter-output>
        </test-method> <!-- afterMethod -->
        <test-method signature="testCase(java.lang.Object,java.lang.Object,java.lang.Object,java.lang.Object,java.lang.Object,java.lang.Object,java.lang.Object,java.lang.Object,java.lang.Object,java.lang.Object,java.lang.Object,java.lang.Object,java.lang.String,java.lang.Object,java.lang.Object,java.lang.Object)[pri:6, instance:runner_Execution.Exceution@25641d39]" started-at="2025-02-17T12:36:40 IST" name="testCase" data-provider="excel" finished-at="2025-02-17T12:37:14 IST" duration-ms="33761" status="PASS">
          <params>
            <param index="0">
              <value>
                <![CDATA[2310771009]]>
              </value>
            </param>
            <param index="1">
              <value>
                <![CDATA[Dec-24]]>
              </value>
            </param>
            <param index="2">
              <value>
                <![CDATA[UG PARAMEDICAL]]>
              </value>
            </param>
            <param index="3">
              <value>
                <![CDATA[I Semester]]>
              </value>
            </param>
            <param index="4">
              <value>
                <![CDATA[2022]]>
              </value>
            </param>
            <param index="5">
              <value>
                <![CDATA[Supplementary]]>
              </value>
            </param>
            <param index="6">
              <value>
                <![CDATA[17]]>
              </value>
            </param>
            <param index="7">
              <value>
                <![CDATA[59]]>
              </value>
            </param>
            <param index="8">
              <value>
                <![CDATA[NA]]>
              </value>
            </param>
            <param index="9">
              <value>
                <![CDATA[NA]]>
              </value>
            </param>
            <param index="10">
              <value>
                <![CDATA[76]]>
              </value>
            </param>
            <param index="11">
              <value>
                <![CDATA[0]]>
              </value>
            </param>
            <param index="12">
              <value>
                <![CDATA[Applied Sociology & Applied Psychology]]>
              </value>
            </param>
            <param index="13">
              <value>
                <![CDATA[NA]]>
              </value>
            </param>
            <param index="14">
              <value>
                <![CDATA[NA]]>
              </value>
            </param>
            <param index="15">
              <value>
                <![CDATA[NA]]>
              </value>
            </param>
          </params>
          <reporter-output>
          </reporter-output>
        </test-method> <!-- testCase -->
        <test-method is-config="true" signature="beforeMethod()[pri:0, instance:runner_Execution.Exceution@25641d39]" started-at="2025-02-17T12:36:40 IST" name="beforeMethod" finished-at="2025-02-17T12:36:40 IST" duration-ms="0" status="PASS">
          <reporter-output>
          </reporter-output>
        </test-method> <!-- beforeMethod -->
        <test-method is-config="true" signature="afterMethod()[pri:0, instance:runner_Execution.Exceution@25641d39]" started-at="2025-02-17T12:37:14 IST" name="afterMethod" finished-at="2025-02-17T12:37:14 IST" duration-ms="0" status="PASS">
          <reporter-output>
          </reporter-output>
        </test-method> <!-- afterMethod -->
        <test-method is-config="true" signature="beforeMethod()[pri:0, instance:runner_Execution.Exceution@25641d39]" started-at="2025-02-17T12:37:14 IST" name="beforeMethod" finished-at="2025-02-17T12:37:14 IST" duration-ms="1" status="PASS">
          <reporter-output>
          </reporter-output>
        </test-method> <!-- beforeMethod -->
        <test-method signature="testCase(java.lang.Object,java.lang.Object,java.lang.Object,java.lang.Object,java.lang.Object,java.lang.Object,java.lang.Object,java.lang.Object,java.lang.Object,java.lang.Object,java.lang.Object,java.lang.Object,java.lang.String,java.lang.Object,java.lang.Object,java.lang.Object)[pri:6, instance:runner_Execution.Exceution@25641d39]" started-at="2025-02-17T12:37:14 IST" name="testCase" data-provider="excel" finished-at="2025-02-17T12:37:49 IST" duration-ms="35010" status="PASS">
          <params>
            <param index="0">
              <value>
                <![CDATA[2310442035]]>
              </value>
            </param>
            <param index="1">
              <value>
                <![CDATA[Dec-24]]>
              </value>
            </param>
            <param index="2">
              <value>
                <![CDATA[UG PARAMEDICAL]]>
              </value>
            </param>
            <param index="3">
              <value>
                <![CDATA[I Semester]]>
              </value>
            </param>
            <param index="4">
              <value>
                <![CDATA[2022]]>
              </value>
            </param>
            <param index="5">
              <value>
                <![CDATA[Supplementary]]>
              </value>
            </param>
            <param index="6">
              <value>
                <![CDATA[16]]>
              </value>
            </param>
            <param index="7">
              <value>
                <![CDATA[AB]]>
              </value>
            </param>
            <param index="8">
              <value>
                <![CDATA[NA]]>
              </value>
            </param>
            <param index="9">
              <value>
                <![CDATA[NA]]>
              </value>
            </param>
            <param index="10">
              <value>
                <![CDATA[16]]>
              </value>
            </param>
            <param index="11">
              <value>
                <![CDATA[0]]>
              </value>
            </param>
            <param index="12">
              <value>
                <![CDATA[Applied Anatomy & Applied Physiology]]>
              </value>
            </param>
            <param index="13">
              <value>
                <![CDATA[NA]]>
              </value>
            </param>
            <param index="14">
              <value>
                <![CDATA[NA]]>
              </value>
            </param>
            <param index="15">
              <value>
                <![CDATA[NA]]>
              </value>
            </param>
          </params>
          <reporter-output>
          </reporter-output>
        </test-method> <!-- testCase -->
        <test-method is-config="true" signature="afterMethod()[pri:0, instance:runner_Execution.Exceution@25641d39]" started-at="2025-02-17T12:37:49 IST" name="afterMethod" finished-at="2025-02-17T12:37:49 IST" duration-ms="1" status="PASS">
          <reporter-output>
          </reporter-output>
        </test-method> <!-- afterMethod -->
        <test-method is-config="true" signature="beforeMethod()[pri:0, instance:runner_Execution.Exceution@25641d39]" started-at="2025-02-17T12:37:49 IST" name="beforeMethod" finished-at="2025-02-17T12:37:49 IST" duration-ms="2" status="PASS">
          <reporter-output>
          </reporter-output>
        </test-method> <!-- beforeMethod -->
        <test-method signature="testCase(java.lang.Object,java.lang.Object,java.lang.Object,java.lang.Object,java.lang.Object,java.lang.Object,java.lang.Object,java.lang.Object,java.lang.Object,java.lang.Object,java.lang.Object,java.lang.Object,java.lang.String,java.lang.Object,java.lang.Object,java.lang.Object)[pri:6, instance:runner_Execution.Exceution@25641d39]" started-at="2025-02-17T12:37:49 IST" name="testCase" data-provider="excel" finished-at="2025-02-17T12:38:24 IST" duration-ms="34523" status="PASS">
          <params>
            <param index="0">
              <value>
                <![CDATA[2310400060]]>
              </value>
            </param>
            <param index="1">
              <value>
                <![CDATA[Dec-24]]>
              </value>
            </param>
            <param index="2">
              <value>
                <![CDATA[UG PARAMEDICAL]]>
              </value>
            </param>
            <param index="3">
              <value>
                <![CDATA[I Semester]]>
              </value>
            </param>
            <param index="4">
              <value>
                <![CDATA[2022]]>
              </value>
            </param>
            <param index="5">
              <value>
                <![CDATA[Supplementary]]>
              </value>
            </param>
            <param index="6">
              <value>
                <![CDATA[AP]]>
              </value>
            </param>
            <param index="7">
              <value>
                <![CDATA[AP]]>
              </value>
            </param>
            <param index="8">
              <value>
                <![CDATA[NA]]>
              </value>
            </param>
            <param index="9">
              <value>
                <![CDATA[NA]]>
              </value>
            </param>
            <param index="10">
              <value>
                <![CDATA[AP]]>
              </value>
            </param>
            <param index="11">
              <value>
                <![CDATA[0]]>
              </value>
            </param>
            <param index="12">
              <value>
                <![CDATA[Applied Sociology & Applied Psychology]]>
              </value>
            </param>
            <param index="13">
              <value>
                <![CDATA[AP]]>
              </value>
            </param>
            <param index="14">
              <value>
                <![CDATA[NA]]>
              </value>
            </param>
            <param index="15">
              <value>
                <![CDATA[NA]]>
              </value>
            </param>
          </params>
          <reporter-output>
          </reporter-output>
        </test-method> <!-- testCase -->
        <test-method is-config="true" signature="beforeMethod()[pri:0, instance:runner_Execution.Exceution@25641d39]" started-at="2025-02-17T12:38:24 IST" name="beforeMethod" finished-at="2025-02-17T12:38:24 IST" duration-ms="1" status="PASS">
          <reporter-output>
          </reporter-output>
        </test-method> <!-- beforeMethod -->
        <test-method is-config="true" signature="afterMethod()[pri:0, instance:runner_Execution.Exceution@25641d39]" started-at="2025-02-17T12:38:24 IST" name="afterMethod" finished-at="2025-02-17T12:38:24 IST" duration-ms="0" status="PASS">
          <reporter-output>
          </reporter-output>
        </test-method> <!-- afterMethod -->
        <test-method signature="testCase(java.lang.Object,java.lang.Object,java.lang.Object,java.lang.Object,java.lang.Object,java.lang.Object,java.lang.Object,java.lang.Object,java.lang.Object,java.lang.Object,java.lang.Object,java.lang.Object,java.lang.String,java.lang.Object,java.lang.Object,java.lang.Object)[pri:6, instance:runner_Execution.Exceution@25641d39]" started-at="2025-02-17T12:38:24 IST" name="testCase" data-provider="excel" finished-at="2025-02-17T12:38:58 IST" duration-ms="34295" status="PASS">
          <params>
            <param index="0">
              <value>
                <![CDATA[2210400012]]>
              </value>
            </param>
            <param index="1">
              <value>
                <![CDATA[Dec-24]]>
              </value>
            </param>
            <param index="2">
              <value>
                <![CDATA[UG PARAMEDICAL]]>
              </value>
            </param>
            <param index="3">
              <value>
                <![CDATA[I Semester]]>
              </value>
            </param>
            <param index="4">
              <value>
                <![CDATA[2022]]>
              </value>
            </param>
            <param index="5">
              <value>
                <![CDATA[Supplementary]]>
              </value>
            </param>
            <param index="6">
              <value>
                <![CDATA[19]]>
              </value>
            </param>
            <param index="7">
              <value>
                <![CDATA[46]]>
              </value>
            </param>
            <param index="8">
              <value>
                <![CDATA[NA]]>
              </value>
            </param>
            <param index="9">
              <value>
                <![CDATA[NA]]>
              </value>
            </param>
            <param index="10">
              <value>
                <![CDATA[65]]>
              </value>
            </param>
            <param index="11">
              <value>
                <![CDATA[0]]>
              </value>
            </param>
            <param index="12">
              <value>
                <![CDATA[Applied Sociology & Applied Psychology]]>
              </value>
            </param>
            <param index="13">
              <value>
                <![CDATA[0]]>
              </value>
            </param>
            <param index="14">
              <value>
                <![CDATA[NE]]>
              </value>
            </param>
            <param index="15">
              <value>
                <![CDATA[5]]>
              </value>
            </param>
          </params>
          <reporter-output>
          </reporter-output>
        </test-method> <!-- testCase -->
        <test-method is-config="true" signature="afterMethod()[pri:0, instance:runner_Execution.Exceution@25641d39]" started-at="2025-02-17T12:38:58 IST" name="afterMethod" finished-at="2025-02-17T12:38:58 IST" duration-ms="1" status="PASS">
          <reporter-output>
          </reporter-output>
        </test-method> <!-- afterMethod -->
        <test-method is-config="true" signature="afterClass()[pri:0, instance:runner_Execution.Exceution@25641d39]" started-at="2025-02-17T12:38:58 IST" name="afterClass" finished-at="2025-02-17T12:38:58 IST" duration-ms="0" status="PASS">
          <reporter-output>
          </reporter-output>
        </test-method> <!-- afterClass -->
        <test-method is-config="true" signature="afterTest()[pri:0, instance:runner_Execution.Exceution@25641d39]" started-at="2025-02-17T12:38:58 IST" name="afterTest" finished-at="2025-02-17T12:38:58 IST" duration-ms="1" status="PASS">
          <reporter-output>
          </reporter-output>
        </test-method> <!-- afterTest -->
        <test-method is-config="true" signature="afterSuite()[pri:0, instance:runner_Execution.Exceution@25641d39]" started-at="2025-02-17T12:38:58 IST" name="afterSuite" finished-at="2025-02-17T12:39:00 IST" duration-ms="2088" status="PASS">
          <reporter-output>
          </reporter-output>
        </test-method> <!-- afterSuite -->
      </class> <!-- runner_Execution.Exceution -->
    </test> <!-- Surefire test -->
  </suite> <!-- Surefire suite -->
</testng-results>
