<?xml version="1.0" encoding="UTF-8"?>
<testsuite xmlns:xsi="http://www.w3.org/2001/XMLSchema-instance" xsi:noNamespaceSchemaLocation="https://maven.apache.org/surefire/maven-surefire-plugin/xsd/surefire-test-report-3.0.xsd" version="3.0" name="runner_Execution.Exceution" time="207.503" tests="6" errors="0" skipped="0" failures="1">
  <properties>
[...]
</properties>
  <testcase name="testCase3" classname="runner_Execution.Exceution" time="2.961">
    <system-out><![CDATA[This will execute first before the Test Suite
Login name: test
This will execute second before the Test and after the before test suite
This will execute third before the Class and after the befortest
This will execute foruth before every Method and after the before class
This is a Normal Test Case2
The Admin Login Page has login and the landing page of KNRUHS is displayed
]]></system-out>
    <system-err><![CDATA[[main] INFO io.github.bonigarcia.wdm.WebDriverManager - Using geckodriver 0.35.0 (resolved driver for Firefox 135)
[main] INFO io.github.bonigarcia.wdm.WebDriverManager - Exporting webdriver.gecko.driver as C:\Users\User\.cache\selenium\geckodriver\win64\0.35.0\geckodriver.exe
]]></system-err>
  </testcase>
  <testcase name="testCase5[2211601014, Nov-24, UG PARAMEDICAL ALLIED, Year 1, 2022, Supplementary, 14, AB, NA, NA, 14, 188, Biochemistry](1)" classname="runner_Execution.Exceution" time="42.799">
    <system-out><![CDATA[This will execute after every Method
This will execute foruth before every Method and after the before class
=========================
This is a Normal Test Case5
Starting testCase5 execution for the reg: 2211601014 for the Subject: Biochemistry
=========================
PDF opened successfully: file:///C:/Users/User/Downloads/BscYR1AHSBacklogRC-946.pdf
=========================
Pattern matched: 8 subject pattern detected.
Total Pages: 1
---------------------------------------------------
Page 1:
---------------------------------------------------
Secured Marks: 188
==============
subject: HISTOLOGY)
Theory Internal Max. Marks: 20
Theory Internal Sec. Marks: 14
Theory (Univ) Max. Marks: 80
Theory (Univ) Sec. Marks: 40
Practical Internal Max. Marks: NA
Practical Internal Sec. Marks: NA
Practical (Univ) Max. Marks: NA
Practical (Univ) Sec. Marks: NA
Theory + Practical Max. Marks: 100
Theory + Practical Sec. Marks: 54
Status: Pass
14
40.0
40
AB
Check the files for the following 2211601014 registration number and subjectBiochemistry

The Following Registration number 2211601014 Practical Univ Sec. Marks is:NA
14
Check the files for the following 2211601014 registration number and subjectBiochemistry
==============
subject: BIOCHEMISTRY
Theory Internal Max. Marks: 20
Theory Internal Sec. Marks: 14
Theory (Univ) Max. Marks: 80
Theory (Univ) Sec. Marks: AB
Practical Internal Max. Marks: NA
Practical Internal Sec. Marks: NA
Practical (Univ) Max. Marks: NA
Practical (Univ) Sec. Marks: NA
Theory + Practical Max. Marks: 100
Theory + Practical Sec. Marks: 14
Status: Fail
14
Both Excel 14.0 and Pdf 14.0 for the following Register 2211601014 number data are same for Theory Internal Sec mark
The following Registration number 2211601014 is passed in Theory Internal Sec exam with marks: 14.0
0.0

The Following Registration number 2211601014 Therory Univ Sec. Marks is: AB

The Following Registration number 2211601014 Practical Univ Sec. Marks is:NA
14
14.0
Both Excel 14.0 and Pdf 14.0 for the following Register 2211601014 number data are same for Theory Plus Practical Sec Mark
The following Registration number 2211601014 has failed in one or more papers and is therefore failed in the Theory exam:14.0
Paper1:14.0
Paper2:0.0
Paper3:0.0
TheoryExam:0.0

 Both PDF file total value 14.0 and Excel file total value  14.0 for the following Register 2211601014 number data are same for Theory plus practical total sec mark in PDF file
==============
subject: ETHICS
Theory Internal Max. Marks: 20
Theory Internal Sec. Marks: ---
Theory (Univ) Max. Marks: 80
Theory (Univ) Sec. Marks: ---
Practical Internal Max. Marks: NA
Practical Internal Sec. Marks: NA
Practical (Univ) Max. Marks: NA
Practical (Univ) Sec. Marks: NA
Theory + Practical Max. Marks: 100
Theory + Practical Sec. Marks: ---
Status: AP

The Following Registration number 2211601014 Practical Univ Sec. Marks is:NA
==============
subject: ENGLISH
Theory Internal Max. Marks: 20
Theory Internal Sec. Marks: ---
Theory (Univ) Max. Marks: 80
Theory (Univ) Sec. Marks: ---
Practical Internal Max. Marks: NA
Practical Internal Sec. Marks: NA
Practical (Univ) Max. Marks: NA
Practical (Univ) Sec. Marks: NA
Theory + Practical Max. Marks: 100
Theory + Practical Sec. Marks: ---
Status: AP

The Following Registration number 2211601014 Practical Univ Sec. Marks is:NA
==============
subject: MICROBIOLOGY
Theory Internal Max. Marks: 20
Theory Internal Sec. Marks: 13
Theory (Univ) Max. Marks: 80
Theory (Univ) Sec. Marks: 21
Practical Internal Max. Marks: NA
Practical Internal Sec. Marks: NA
Practical (Univ) Max. Marks: NA
Practical (Univ) Sec. Marks: NA
Theory + Practical Max. Marks: 100
Theory + Practical Sec. Marks: 34
Status: Fail
13
21.0
21
AB
Check the files for the following 2211601014 registration number and subjectBiochemistry

The Following Registration number 2211601014 Practical Univ Sec. Marks is:NA
13
Check the files for the following 2211601014 registration number and subjectBiochemistry
==============
subject: PATHOLOGY
Theory Internal Max. Marks: 20
Theory Internal Sec. Marks: 13
Theory (Univ) Max. Marks: 80
Theory (Univ) Sec. Marks: 34
Practical Internal Max. Marks: NA
Practical Internal Sec. Marks: NA
Practical (Univ) Max. Marks: NA
Practical (Univ) Sec. Marks: NA
Theory + Practical Max. Marks: 100
Theory + Practical Sec. Marks: 47
Status: Fail
13
34.0
34
AB
Check the files for the following 2211601014 registration number and subjectBiochemistry

The Following Registration number 2211601014 Practical Univ Sec. Marks is:NA
13
Check the files for the following 2211601014 registration number and subjectBiochemistry
==============
subject: PHYSIOLOGY
Theory Internal Max. Marks: 20
Theory Internal Sec. Marks: 12
Theory (Univ) Max. Marks: 80
Theory (Univ) Sec. Marks: 27
Practical Internal Max. Marks: NA
Practical Internal Sec. Marks: NA
Practical (Univ) Max. Marks: NA
Practical (Univ) Sec. Marks: NA
Theory + Practical Max. Marks: 100
Theory + Practical Sec. Marks: 39
Status: Fail
12
27.0
27
AB
Check the files for the following 2211601014 registration number and subjectBiochemistry

The Following Registration number 2211601014 Practical Univ Sec. Marks is:NA
12
Check the files for the following 2211601014 registration number and subjectBiochemistry
==============
subject: MEDICAL RECORDS
Theory Internal Max. Marks: 20
Theory Internal Sec. Marks: ---
Theory (Univ) Max. Marks: 80
Theory (Univ) Sec. Marks: ---
Practical Internal Max. Marks: NA
Practical Internal Sec. Marks: NA
Practical (Univ) Max. Marks: NA
Practical (Univ) Sec. Marks: NA
Theory + Practical Max. Marks: 100
Theory + Practical Sec. Marks: ---
Status: AP

The Following Registration number 2211601014 Practical Univ Sec. Marks is:NA
=====================
Reached end of testCase5 execution for: 2211601014 and subject: Biochemistry
]]></system-out>
    <system-err><![CDATA[ERROR StatusLogger Log4j2 could not find a logging implementation. Please add log4j-core to the classpath. Using SimpleLogger to log to the console...
]]></system-err>
  </testcase>
  <testcase name="testCase5[2309492017, NOV-24, UG PARAMEDICAL(NURSING), Year 1, 2016, Regular, 10, 24, NA, NA, 34, 696, NURSING FOUNDATION](2)" classname="runner_Execution.Exceution" time="9.995">
    <failure message="The element with the reference 0d23a1c3-9a18-4315-a602-00a5f2b0bde9 is stale; either its node document is not the active document, or it is no longer connected to the DOM&#10;For documentation on this error, please visit: https://www.selenium.dev/documentation/webdriver/troubleshooting/errors#stale-element-reference-exception&#10;Build info: version: &apos;4.26.0&apos;, revision: &apos;8ccf0219d7&apos;&#10;System info: os.name: &apos;Windows 10&apos;, os.arch: &apos;amd64&apos;, os.version: &apos;10.0&apos;, java.version: &apos;21.0.5&apos;&#10;Driver info: org.openqa.selenium.firefox.FirefoxDriver&#10;Command: [8cdea50e-4b51-4570-85cf-afd30c1474be, isElementDisplayed {id=0d23a1c3-9a18-4315-a602-00a5f2b0bde9}]&#10;Capabilities {acceptInsecureCerts: true, browserName: firefox, browserVersion: 135.0, moz:accessibilityChecks: false, moz:buildID: 20250130195129, moz:debuggerAddress: 127.0.0.1:1932, moz:geckodriverVersion: 0.35.0, moz:headless: false, moz:platformVersion: 10.0, moz:processID: 8452, moz:profile: C:\Users\User\AppData\Local..., moz:shutdownTimeout: 60000, moz:webdriverClick: true, moz:windowless: false, pageLoadStrategy: normal, platformName: windows, proxy: Proxy(), se:cdp: ws://127.0.0.1:1932/devtool..., se:cdpVersion: 85.0, setWindowRect: true, strictFileInteractability: false, timeouts: {implicit: 0, pageLoad: 300000, script: 30000}, unhandledPromptBehavior: dismiss and notify, userAgent: Mozilla/5.0 (Windows NT 10....}&#10;Element: [[FirefoxDriver: firefox on windows (8cdea50e-4b51-4570-85cf-afd30c1474be)] -&gt; xpath:     //h2[@id=&apos;swal2-title&apos; and text()=&apos;Loading the Report Card...&apos;]]&#10;Session ID: 8cdea50e-4b51-4570-85cf-afd30c1474be" type="org.openqa.selenium.StaleElementReferenceException"><![CDATA[org.openqa.selenium.StaleElementReferenceException: 
The element with the reference 0d23a1c3-9a18-4315-a602-00a5f2b0bde9 is stale; either its node document is not the active document, or it is no longer connected to the DOM
For documentation on this error, please visit: https://www.selenium.dev/documentation/webdriver/troubleshooting/errors#stale-element-reference-exception
Build info: version: '4.26.0', revision: '8ccf0219d7'
System info: os.name: 'Windows 10', os.arch: 'amd64', os.version: '10.0', java.version: '21.0.5'
Driver info: org.openqa.selenium.firefox.FirefoxDriver
Command: [8cdea50e-4b51-4570-85cf-afd30c1474be, isElementDisplayed {id=0d23a1c3-9a18-4315-a602-00a5f2b0bde9}]
Capabilities {acceptInsecureCerts: true, browserName: firefox, browserVersion: 135.0, moz:accessibilityChecks: false, moz:buildID: 20250130195129, moz:debuggerAddress: 127.0.0.1:1932, moz:geckodriverVersion: 0.35.0, moz:headless: false, moz:platformVersion: 10.0, moz:processID: 8452, moz:profile: C:\Users\User\AppData\Local..., moz:shutdownTimeout: 60000, moz:webdriverClick: true, moz:windowless: false, pageLoadStrategy: normal, platformName: windows, proxy: Proxy(), se:cdp: ws://127.0.0.1:1932/devtool..., se:cdpVersion: 85.0, setWindowRect: true, strictFileInteractability: false, timeouts: {implicit: 0, pageLoad: 300000, script: 30000}, unhandledPromptBehavior: dismiss and notify, userAgent: Mozilla/5.0 (Windows NT 10....}
Element: [[FirefoxDriver: firefox on windows (8cdea50e-4b51-4570-85cf-afd30c1474be)] -> xpath:     //h2[@id='swal2-title' and text()='Loading the Report Card...']]
Session ID: 8cdea50e-4b51-4570-85cf-afd30c1474be
	at java.base/jdk.internal.reflect.DirectConstructorHandleAccessor.newInstance(DirectConstructorHandleAccessor.java:62)
	at java.base/java.lang.reflect.Constructor.newInstanceWithCaller(Constructor.java:502)
	at java.base/java.lang.reflect.Constructor.newInstance(Constructor.java:486)
	at org.openqa.selenium.remote.ErrorCodec.decode(ErrorCodec.java:167)
	at org.openqa.selenium.remote.codec.w3c.W3CHttpResponseCodec.decode(W3CHttpResponseCodec.java:138)
	at org.openqa.selenium.remote.codec.w3c.W3CHttpResponseCodec.decode(W3CHttpResponseCodec.java:50)
	at org.openqa.selenium.remote.HttpCommandExecutor.execute(HttpCommandExecutor.java:190)
	at org.openqa.selenium.remote.service.DriverCommandExecutor.invokeExecute(DriverCommandExecutor.java:216)
	at org.openqa.selenium.remote.service.DriverCommandExecutor.execute(DriverCommandExecutor.java:174)
	at org.openqa.selenium.remote.RemoteWebDriver.execute(RemoteWebDriver.java:545)
	at org.openqa.selenium.remote.RemoteWebElement.execute(RemoteWebElement.java:223)
	at org.openqa.selenium.remote.RemoteWebElement.isDisplayed(RemoteWebElement.java:282)
	at java.base/jdk.internal.reflect.DirectMethodHandleAccessor.invoke(DirectMethodHandleAccessor.java:103)
	at java.base/java.lang.reflect.Method.invoke(Method.java:580)
	at org.openqa.selenium.support.pagefactory.internal.LocatingElementHandler.invoke(LocatingElementHandler.java:51)
	at jdk.proxy2/jdk.proxy2.$Proxy18.isDisplayed(Unknown Source)
	at base.BasicFunctions$2.apply(BasicFunctions.java:67)
	at base.BasicFunctions$2.apply(BasicFunctions.java:1)
	at org.openqa.selenium.support.ui.FluentWait.until(FluentWait.java:203)
	at base.BasicFunctions.explicitWait(BasicFunctions.java:65)
	at pageModules.ReportEnrollmentPage.submitButton(ReportEnrollmentPage.java:354)
	at runner_Execution.Exceution.testCase5(Exceution.java:280)
	at java.base/jdk.internal.reflect.DirectMethodHandleAccessor.invoke(DirectMethodHandleAccessor.java:103)
	at java.base/java.lang.reflect.Method.invoke(Method.java:580)
	at org.testng.internal.invokers.MethodInvocationHelper.invokeMethod(MethodInvocationHelper.java:141)
	at org.testng.internal.invokers.TestInvoker.invokeMethod(TestInvoker.java:686)
	at org.testng.internal.invokers.TestInvoker.invokeTestMethod(TestInvoker.java:230)
	at org.testng.internal.invokers.MethodRunner.runInSequence(MethodRunner.java:63)
	at org.testng.internal.invokers.TestInvoker$MethodInvocationAgent.invoke(TestInvoker.java:992)
	at org.testng.internal.invokers.TestInvoker.invokeTestMethods(TestInvoker.java:203)
	at org.testng.internal.invokers.TestMethodWorker.invokeTestMethods(TestMethodWorker.java:154)
	at org.testng.internal.invokers.TestMethodWorker.run(TestMethodWorker.java:134)
	at java.base/java.util.ArrayList.forEach(ArrayList.java:1596)
	at org.testng.TestRunner.privateRun(TestRunner.java:739)
	at org.testng.TestRunner.run(TestRunner.java:614)
	at org.testng.SuiteRunner.runTest(SuiteRunner.java:421)
	at org.testng.SuiteRunner.runSequentially(SuiteRunner.java:413)
	at org.testng.SuiteRunner.privateRun(SuiteRunner.java:373)
	at org.testng.SuiteRunner.run(SuiteRunner.java:312)
	at org.testng.SuiteRunnerWorker.runSuite(SuiteRunnerWorker.java:52)
	at org.testng.SuiteRunnerWorker.run(SuiteRunnerWorker.java:95)
	at org.testng.TestNG.runSuitesSequentially(TestNG.java:1274)
	at org.testng.TestNG.runSuitesLocally(TestNG.java:1208)
	at org.testng.TestNG.runSuites(TestNG.java:1112)
	at org.testng.TestNG.run(TestNG.java:1079)
	at org.apache.maven.surefire.testng.TestNGExecutor.run(TestNGExecutor.java:155)
	at org.apache.maven.surefire.testng.TestNGDirectoryTestSuite.executeSingleClass(TestNGDirectoryTestSuite.java:102)
	at org.apache.maven.surefire.testng.TestNGDirectoryTestSuite.execute(TestNGDirectoryTestSuite.java:91)
	at org.apache.maven.surefire.testng.TestNGProvider.invoke(TestNGProvider.java:137)
	at org.apache.maven.surefire.booter.ForkedBooter.runSuitesInProcess(ForkedBooter.java:385)
	at org.apache.maven.surefire.booter.ForkedBooter.execute(ForkedBooter.java:162)
	at org.apache.maven.surefire.booter.ForkedBooter.run(ForkedBooter.java:507)
	at org.apache.maven.surefire.booter.ForkedBooter.main(ForkedBooter.java:495)
]]></failure>
    <system-out><![CDATA[This will execute after every Method
This will execute foruth before every Method and after the before class
=========================
This is a Normal Test Case5
Starting testCase5 execution for the reg: 2309492017 for the Subject: NURSING FOUNDATION
=========================
]]></system-out>
  </testcase>
  <testcase name="testCase5[2220603001, Nov-24, UG PARAMEDICAL ALLIED, Year 1, 2022, Supplementary, 0, NE, NA, NA, 0, 97, Biochemistry](3)" classname="runner_Execution.Exceution" time="52.718">
    <system-out><![CDATA[This will execute after every Method
This will execute foruth before every Method and after the before class
=========================
This is a Normal Test Case5
Starting testCase5 execution for the reg: 2220603001 for the Subject: Biochemistry
=========================
PDF opened successfully: file:///C:/Users/User/Downloads/BscYR1AHSBacklogRC-947.pdf
=========================
Pattern matched: 8 subject pattern detected.
Total Pages: 1
---------------------------------------------------
Page 1:
---------------------------------------------------
Secured Marks: 97
==============
subject: HISTOLOGY)
Theory Internal Max. Marks: 20
Theory Internal Sec. Marks: 15
Theory (Univ) Max. Marks: 80
Theory (Univ) Sec. Marks: 26
Practical Internal Max. Marks: NA
Practical Internal Sec. Marks: NA
Practical (Univ) Max. Marks: NA
Practical (Univ) Sec. Marks: NA
Theory + Practical Max. Marks: 100
Theory + Practical Sec. Marks: 41
Status: Fail
15
26.0
26
NE
Check the files for the following 2220603001 registration number and subjectBiochemistry

The Following Registration number 2220603001 Practical Univ Sec. Marks is:NA
15
Check the files for the following 2220603001 registration number and subjectBiochemistry
==============
subject: BIOCHEMISTRY
Theory Internal Max. Marks: 20
Theory Internal Sec. Marks: 0
Theory (Univ) Max. Marks: 80
Theory (Univ) Sec. Marks: NE
Practical Internal Max. Marks: NA
Practical Internal Sec. Marks: NA
Practical (Univ) Max. Marks: NA
Practical (Univ) Sec. Marks: NA
Theory + Practical Max. Marks: 100
Theory + Practical Sec. Marks: 0
Status: Fail
0
Both Excel 0.0 and Pdf 0.0 for the following Register 2220603001 number data are same for Theory Internal Sec mark
 The following Registration number 2220603001 is failed in Theory Internal Sec exam with marks: 0.0
0.0

The Following Registration number 2220603001 Therory Univ Sec. Marks is: NE

The Following Registration number 2220603001 Practical Univ Sec. Marks is:NA
0
0.0
Both Excel 0.0 and Pdf 0.0 for the following Register 2220603001 number data are same for Theory Plus Practical Sec Mark
The following Registration number 2220603001 has failed in one or more papers and is therefore failed in the Theory exam:0.0
Paper1:0.0
Paper2:0.0
Paper3:0.0
TheoryExam:0.0

 Both PDF file total value 0.0 and Excel file total value  0.0 for the following Register 2220603001 number data are same for Theory plus practical total sec mark in PDF file
==============
subject: ETHICS
Theory Internal Max. Marks: 20
Theory Internal Sec. Marks: 0
Theory (Univ) Max. Marks: 80
Theory (Univ) Sec. Marks: 0
Practical Internal Max. Marks: NA
Practical Internal Sec. Marks: NA
Practical (Univ) Max. Marks: NA
Practical (Univ) Sec. Marks: NA
Theory + Practical Max. Marks: 100
Theory + Practical Sec. Marks: 0
Status: Fail
0
0.0
0
NE
Check the files for the following 2220603001 registration number and subjectBiochemistry

The Following Registration number 2220603001 Practical Univ Sec. Marks is:NA
0
Check the files for the following 2220603001 registration number and subjectBiochemistry
==============
subject: ENGLISH
Theory Internal Max. Marks: 20
Theory Internal Sec. Marks: ---
Theory (Univ) Max. Marks: 80
Theory (Univ) Sec. Marks: ---
Practical Internal Max. Marks: NA
Practical Internal Sec. Marks: NA
Practical (Univ) Max. Marks: NA
Practical (Univ) Sec. Marks: NA
Theory + Practical Max. Marks: 100
Theory + Practical Sec. Marks: ---
Status: AP

The Following Registration number 2220603001 Practical Univ Sec. Marks is:NA
==============
subject: MICROBIOLOGY
Theory Internal Max. Marks: 20
Theory Internal Sec. Marks: 9
Theory (Univ) Max. Marks: 80
Theory (Univ) Sec. Marks: NE
Practical Internal Max. Marks: NA
Practical Internal Sec. Marks: NA
Practical (Univ) Max. Marks: NA
Practical (Univ) Sec. Marks: NA
Theory + Practical Max. Marks: 100
Theory + Practical Sec. Marks: 9
Status: Fail
9
0.0

The Following Registration number 2220603001 Therory Univ Sec. Marks is: NE

The Following Registration number 2220603001 Practical Univ Sec. Marks is:NA
9
Check the files for the following 2220603001 registration number and subjectBiochemistry
==============
subject: PATHOLOGY
Theory Internal Max. Marks: 20
Theory Internal Sec. Marks: 10
Theory (Univ) Max. Marks: 80
Theory (Univ) Sec. Marks: 8
Practical Internal Max. Marks: NA
Practical Internal Sec. Marks: NA
Practical (Univ) Max. Marks: NA
Practical (Univ) Sec. Marks: NA
Theory + Practical Max. Marks: 100
Theory + Practical Sec. Marks: 18
Status: Fail
10
8.0
8
NE
Check the files for the following 2220603001 registration number and subjectBiochemistry

The Following Registration number 2220603001 Practical Univ Sec. Marks is:NA
10
Check the files for the following 2220603001 registration number and subjectBiochemistry
==============
subject: PHYSIOLOGY
Theory Internal Max. Marks: 20
Theory Internal Sec. Marks: 10
Theory (Univ) Max. Marks: 80
Theory (Univ) Sec. Marks: 19
Practical Internal Max. Marks: NA
Practical Internal Sec. Marks: NA
Practical (Univ) Max. Marks: NA
Practical (Univ) Sec. Marks: NA
Theory + Practical Max. Marks: 100
Theory + Practical Sec. Marks: 29
Status: Fail
10
19.0
19
NE
Check the files for the following 2220603001 registration number and subjectBiochemistry

The Following Registration number 2220603001 Practical Univ Sec. Marks is:NA
10
Check the files for the following 2220603001 registration number and subjectBiochemistry
==============
subject: MEDICAL RECORDS
Theory Internal Max. Marks: 20
Theory Internal Sec. Marks: ---
Theory (Univ) Max. Marks: 80
Theory (Univ) Sec. Marks: ---
Practical Internal Max. Marks: NA
Practical Internal Sec. Marks: NA
Practical (Univ) Max. Marks: NA
Practical (Univ) Sec. Marks: NA
Theory + Practical Max. Marks: 100
Theory + Practical Sec. Marks: ---
Status: AP

The Following Registration number 2220603001 Practical Univ Sec. Marks is:NA
=====================
Reached end of testCase5 execution for: 2220603001 and subject: Biochemistry
]]></system-out>
  </testcase>
  <testcase name="testCase5[2211600008, Nov-24, UG PARAMEDICAL ALLIED, Year 1, 2022, Supplementary, 13, 47, NA, NA, 60, 223, Pathology](4)" classname="runner_Execution.Exceution" time="47.666">
    <system-out><![CDATA[This will execute after every Method
This will execute foruth before every Method and after the before class
=========================
This is a Normal Test Case5
Starting testCase5 execution for the reg: 2211600008 for the Subject: Pathology
=========================
PDF opened successfully: file:///C:/Users/User/Downloads/BscYR1AHSBacklogRC-948.pdf
=========================
Pattern matched: 8 subject pattern detected.
Total Pages: 1
---------------------------------------------------
Page 1:
---------------------------------------------------
Secured Marks: 223
==============
subject: HISTOLOGY)
Theory Internal Max. Marks: 20
Theory Internal Sec. Marks: ---
Theory (Univ) Max. Marks: 80
Theory (Univ) Sec. Marks: ---
Practical Internal Max. Marks: NA
Practical Internal Sec. Marks: NA
Practical (Univ) Max. Marks: NA
Practical (Univ) Sec. Marks: NA
Theory + Practical Max. Marks: 100
Theory + Practical Sec. Marks: ---
Status: AP

The Following Registration number 2211600008 Practical Univ Sec. Marks is:NA
==============
subject: BIOCHEMISTRY
Theory Internal Max. Marks: 20
Theory Internal Sec. Marks: 11
Theory (Univ) Max. Marks: 80
Theory (Univ) Sec. Marks: 48
Practical Internal Max. Marks: NA
Practical Internal Sec. Marks: NA
Practical (Univ) Max. Marks: NA
Practical (Univ) Sec. Marks: NA
Theory + Practical Max. Marks: 100
Theory + Practical Sec. Marks: 59
Status: Pass
11
48.0
48
47
Check the files for the following 2211600008 registration number and subjectPathology

The Following Registration number 2211600008 Practical Univ Sec. Marks is:NA
11
Check the files for the following 2211600008 registration number and subjectPathology
==============
subject: ETHICS
Theory Internal Max. Marks: 20
Theory Internal Sec. Marks: ---
Theory (Univ) Max. Marks: 80
Theory (Univ) Sec. Marks: ---
Practical Internal Max. Marks: NA
Practical Internal Sec. Marks: NA
Practical (Univ) Max. Marks: NA
Practical (Univ) Sec. Marks: NA
Theory + Practical Max. Marks: 100
Theory + Practical Sec. Marks: ---
Status: AP

The Following Registration number 2211600008 Practical Univ Sec. Marks is:NA
==============
subject: ENGLISH
Theory Internal Max. Marks: 20
Theory Internal Sec. Marks: ---
Theory (Univ) Max. Marks: 80
Theory (Univ) Sec. Marks: ---
Practical Internal Max. Marks: NA
Practical Internal Sec. Marks: NA
Practical (Univ) Max. Marks: NA
Practical (Univ) Sec. Marks: NA
Theory + Practical Max. Marks: 100
Theory + Practical Sec. Marks: ---
Status: AP

The Following Registration number 2211600008 Practical Univ Sec. Marks is:NA
==============
subject: MICROBIOLOGY
Theory Internal Max. Marks: 20
Theory Internal Sec. Marks: 12
Theory (Univ) Max. Marks: 80
Theory (Univ) Sec. Marks: 32
Practical Internal Max. Marks: NA
Practical Internal Sec. Marks: NA
Practical (Univ) Max. Marks: NA
Practical (Univ) Sec. Marks: NA
Theory + Practical Max. Marks: 100
Theory + Practical Sec. Marks: 44
Status: Fail
12
32.0
32
47
Check the files for the following 2211600008 registration number and subjectPathology

The Following Registration number 2211600008 Practical Univ Sec. Marks is:NA
12
Check the files for the following 2211600008 registration number and subjectPathology
==============
subject: PATHOLOGY
Theory Internal Max. Marks: 20
Theory Internal Sec. Marks: 13
Theory (Univ) Max. Marks: 80
Theory (Univ) Sec. Marks: 47
Practical Internal Max. Marks: NA
Practical Internal Sec. Marks: NA
Practical (Univ) Max. Marks: NA
Practical (Univ) Sec. Marks: NA
Theory + Practical Max. Marks: 100
Theory + Practical Sec. Marks: 60
Status: Pass
13
Both Excel 13.0 and Pdf 13.0 for the following Register 2211600008 number data are same for Theory Internal Sec mark
The following Registration number 2211600008 is passed in Theory Internal Sec exam with marks: 13.0
47.0
47
47
Both Excel 47.0 and Pdf 47.0 for the following Register 2211600008 number data are same for Theory Univ Sec Marks
The following Registration number 2211600008 is passed in Theory Univ Sec mark exam with marks: 47.0

The Following Registration number 2211600008 Practical Univ Sec. Marks is:NA
13
60.0
Both Excel 60.0 and Pdf 60.0 for the following Register 2211600008 number data are same for Theory Plus Practical Sec Mark
The following Registration number 2211600008 is passed in Theory Exam with total marks: 60.0
Paper1:13.0
Paper2:47.0
Paper3:0.0
TheoryExam:0.0

 Both PDF file total value 60.0 and Excel file total value  60.0 for the following Register 2211600008 number data are same for Theory plus practical total sec mark in PDF file
==============
subject: PHYSIOLOGY
Theory Internal Max. Marks: 20
Theory Internal Sec. Marks: 16
Theory (Univ) Max. Marks: 80
Theory (Univ) Sec. Marks: 44
Practical Internal Max. Marks: NA
Practical Internal Sec. Marks: NA
Practical (Univ) Max. Marks: NA
Practical (Univ) Sec. Marks: NA
Theory + Practical Max. Marks: 100
Theory + Practical Sec. Marks: 60
Status: Pass
16
44.0
44
47
Check the files for the following 2211600008 registration number and subjectPathology

The Following Registration number 2211600008 Practical Univ Sec. Marks is:NA
16
Check the files for the following 2211600008 registration number and subjectPathology
==============
subject: MEDICAL RECORDS
Theory Internal Max. Marks: 20
Theory Internal Sec. Marks: ---
Theory (Univ) Max. Marks: 80
Theory (Univ) Sec. Marks: ---
Practical Internal Max. Marks: NA
Practical Internal Sec. Marks: NA
Practical (Univ) Max. Marks: NA
Practical (Univ) Sec. Marks: NA
Theory + Practical Max. Marks: 100
Theory + Practical Sec. Marks: ---
Status: AP

The Following Registration number 2211600008 Practical Univ Sec. Marks is:NA
=====================
Reached end of testCase5 execution for: 2211600008 and subject: Pathology
]]></system-out>
  </testcase>
  <testcase name="testCase5[2309492017, NOV-24, UG PARAMEDICAL(NURSING), Year 1, 2016, Regular, 19, 47, 35, 36, 137, 697, MATERNAL NURSING](5)" classname="runner_Execution.Exceution" time="34.21">
    <system-out><![CDATA[This will execute after every Method
This will execute foruth before every Method and after the before class
=========================
This is a Normal Test Case5
Starting testCase5 execution for the reg: 2309492017 for the Subject: MATERNAL NURSING
=========================
PDF opened successfully: file:///C:/Users/User/Downloads/PBNYR1RegRC-5.pdf
=========================
Pattern matched: 8 subject pattern detected.
Total Pages: 1
---------------------------------------------------
Page 1:
---------------------------------------------------
Registration No: 2309492017
Secured Marks: 696
==============
subject: NURSING FOUNDATION
Theory Internal Max. Marks: 15
Theory Internal Sec. Marks: 10
Theory (Univ) Max. Marks: 35
Theory (Univ) Sec. Marks: 24
Practical Internal Max. Marks: NA
Practical Internal Sec. Marks: NA
Practical (Univ) Max. Marks: NA
Practical (Univ) Sec. Marks: NA
Theory + Practical Max. Marks: 50
Theory + Practical Sec. Marks: 34
Status: Pass
10
24.0
24
47
Check the files for the following 2309492017 registration number and subjectMATERNAL NURSING

The Following Registration number 2309492017 Practical Univ Sec. Marks is:NA
10
Check the files for the following 2309492017 registration number and subjectMATERNAL NURSING
==============
subject: NUTRITION AND DIETETICS
Theory Internal Max. Marks: 15
Theory Internal Sec. Marks: 11
Theory (Univ) Max. Marks: 35
Theory (Univ) Sec. Marks: 23
Practical Internal Max. Marks: NA
Practical Internal Sec. Marks: NA
Practical (Univ) Max. Marks: NA
Practical (Univ) Sec. Marks: NA
Theory + Practical Max. Marks: 50
Theory + Practical Sec. Marks: 34
Status: Pass
11
23.0
23
47
Check the files for the following 2309492017 registration number and subjectMATERNAL NURSING

The Following Registration number 2309492017 Practical Univ Sec. Marks is:NA
11
Check the files for the following 2309492017 registration number and subjectMATERNAL NURSING
==============
subject: BIOCHEMISTRY AND BIOPHYSICS
Theory Internal Max. Marks: 25
Theory Internal Sec. Marks: 16
Theory (Univ) Max. Marks: 75
Theory (Univ) Sec. Marks: 45
Practical Internal Max. Marks: NA
Practical Internal Sec. Marks: NA
Practical (Univ) Max. Marks: NA
Practical (Univ) Sec. Marks: NA
Theory + Practical Max. Marks: 100
Theory + Practical Sec. Marks: 61
Status: Pass
16
45.0
45
47
Check the files for the following 2309492017 registration number and subjectMATERNAL NURSING

The Following Registration number 2309492017 Practical Univ Sec. Marks is:NA
16
Check the files for the following 2309492017 registration number and subjectMATERNAL NURSING
==============
subject: PSYCHOLOGY
Theory Internal Max. Marks: 25
Theory Internal Sec. Marks: 20
Theory (Univ) Max. Marks: 75
Theory (Univ) Sec. Marks: 38
Practical Internal Max. Marks: NA
Practical Internal Sec. Marks: NA
Practical (Univ) Max. Marks: NA
Practical (Univ) Sec. Marks: NA
Theory + Practical Max. Marks: 100
Theory + Practical Sec. Marks: 58
Status: Pass
20
38.0
38
47
Check the files for the following 2309492017 registration number and subjectMATERNAL NURSING

The Following Registration number 2309492017 Practical Univ Sec. Marks is:NA
20
Check the files for the following 2309492017 registration number and subjectMATERNAL NURSING
==============
subject: MICROBIOLOGY
Theory Internal Max. Marks: 25
Theory Internal Sec. Marks: 19
Theory (Univ) Max. Marks: 75
Theory (Univ) Sec. Marks: 40
Practical Internal Max. Marks: NA
Practical Internal Sec. Marks: NA
Practical (Univ) Max. Marks: NA
Practical (Univ) Sec. Marks: NA
Theory + Practical Max. Marks: 100
Theory + Practical Sec. Marks: 59
Status: Pass
19
40.0
40
47
Check the files for the following 2309492017 registration number and subjectMATERNAL NURSING

The Following Registration number 2309492017 Practical Univ Sec. Marks is:NA
19
Check the files for the following 2309492017 registration number and subjectMATERNAL NURSING
==============
subject: MATERNAL NURSING
Theory Internal Max. Marks: 25
Theory Internal Sec. Marks: 19
Theory (Univ) Max. Marks: 75
Theory (Univ) Sec. Marks: 47
Practical Internal Max. Marks: 50
Practical Internal Sec. Marks: 35
Practical (Univ) Max. Marks: 50
Practical (Univ) Sec. Marks: 36
Theory + Practical Max. Marks: 200
Theory + Practical Sec. Marks: 137
Status: Pass
19
Both Excel 19.0 and Pdf 19.0 for the following Register 2309492017 number data are same for Theory Internal Sec mark
The following Registration number 2309492017 is passed in Theory Internal Sec exam with marks: 19.0
47.0
47
47
Both Excel 47.0 and Pdf 47.0 for the following Register 2309492017 number data are same for Theory Univ Sec Marks
The following Registration number 2309492017 is passed in Theory Univ Sec mark exam with marks: 47.0
19
==============
Both Excel 697.0 and Pdf 696 for the following 2309492017 data are not same please check Excel file or Pdf file for EP total mark please check the files
==============
36
==============
Both Excel 697.0 and Pdf 696 for the following 2309492017 data are not same please check Excel file or Pdf file for EP total mark please check the files
==============
19
137.0
Both Excel 137.0 and Pdf 137.0 for the following Register 2309492017 number data are same for Theory Plus Practical Sec Mark
The following Registration number 2309492017 has failed in one or more papers and is therefore failed in the Theory exam:137.0
Paper1:19.0
Paper2:47.0
Paper3:0.0
TheoryExam:0.0

 Both PDF file total value 137.0 and Excel file total value  137.0 for the following Register 2309492017 number data are same for Theory plus practical total sec mark in PDF file
==============
subject: CHILD HEALTH NURSING
Theory Internal Max. Marks: 25
Theory Internal Sec. Marks: 18
Theory (Univ) Max. Marks: 75
Theory (Univ) Sec. Marks: 38
Practical Internal Max. Marks: 50
Practical Internal Sec. Marks: 36
Practical (Univ) Max. Marks: 50
Practical (Univ) Sec. Marks: 29
Theory + Practical Max. Marks: 200
Theory + Practical Sec. Marks: 121
Status: Pass
18
38.0
38
47
Check the files for the following 2309492017 registration number and subjectMATERNAL NURSING
18
==============
Both Excel 697.0 and Pdf 696 for the following 2309492017 data are not same please check Excel file or Pdf file for EP total mark please check the files
==============
29
==============
Both Excel 697.0 and Pdf 696 for the following 2309492017 data are not same please check Excel file or Pdf file for EP total mark please check the files
==============
18
Check the files for the following 2309492017 registration number and subjectMATERNAL NURSING
==============
subject: MEDICAL AND SURGICAL NURSING
Theory Internal Max. Marks: 25
Theory Internal Sec. Marks: 19
Theory (Univ) Max. Marks: 75
Theory (Univ) Sec. Marks: 43
Practical Internal Max. Marks: 50
Practical Internal Sec. Marks: 36
Practical (Univ) Max. Marks: 50
Practical (Univ) Sec. Marks: 35
Theory + Practical Max. Marks: 200
Theory + Practical Sec. Marks: 133
Status: Pass
19
43.0
43
47
Check the files for the following 2309492017 registration number and subjectMATERNAL NURSING
19
==============
Both Excel 697.0 and Pdf 696 for the following 2309492017 data are not same please check Excel file or Pdf file for EP total mark please check the files
==============
35
==============
Both Excel 697.0 and Pdf 696 for the following 2309492017 data are not same please check Excel file or Pdf file for EP total mark please check the files
==============
19
Check the files for the following 2309492017 registration number and subjectMATERNAL NURSING
==============
subject: ENGLISH (QUALIFYING)
Theory Internal Max. Marks: 25
Theory Internal Sec. Marks: 20
Theory (Univ) Max. Marks: 75
Theory (Univ) Sec. Marks: 39
Practical Internal Max. Marks: NA
Practical Internal Sec. Marks: NA
Practical (Univ) Max. Marks: NA
Practical (Univ) Sec. Marks: NA
Theory + Practical Max. Marks: 100
Theory + Practical Sec. Marks: 59
Status: Pass
20
39.0
39
47
Check the files for the following 2309492017 registration number and subjectMATERNAL NURSING

The Following Registration number 2309492017 Practical Univ Sec. Marks is:NA
20
Check the files for the following 2309492017 registration number and subjectMATERNAL NURSING
=====================
Reached end of testCase5 execution for: 2309492017 and subject: MATERNAL NURSING
]]></system-out>
  </testcase>
</testsuite>