<?xml version="1.0" encoding="UTF-8"?>
<testsuite xmlns:xsi="http://www.w3.org/2001/XMLSchema-instance" xsi:noNamespaceSchemaLocation="https://maven.apache.org/surefire/maven-surefire-plugin/xsd/surefire-test-report-3.0.xsd" version="3.0" name="runner_Execution.Exceution" time="90.848" tests="2" errors="0" skipped="0" failures="0">
  <properties>
[...]
</properties>
  <testcase name="testCase3" classname="runner_Execution.Exceution" time="2.895">
    <system-out><![CDATA[This will execute first before the Test Suite
Login name: test
This will execute second before the Test and after the before test suite
This will execute third before the Class and after the befortest
This will execute foruth before every Method and after the before class
This is a Normal Test Case2
The Admin Login Page has login and the landing page of KNRUHS is displayed
]]></system-out>
    <system-err><![CDATA[[main] INFO io.github.bonigarcia.wdm.WebDriverManager - Using geckodriver 0.35.0 (resolved driver for Firefox 135)
[main] INFO io.github.bonigarcia.wdm.WebDriverManager - Exporting webdriver.gecko.driver as C:\Users\User\.cache\selenium\geckodriver\win64\0.35.0\geckodriver.exe
]]></system-err>
  </testcase>
  <testcase name="testReadPdfData" classname="runner_Execution.Exceution" time="75.294">
    <system-out><![CDATA[This will execute after every Method
This will execute foruth before every Method and after the before class
Starting PDF Data Read Test...
=====================
Downloads folder: C:\Users\User/Downloads
Total Pages: 292
---------------------------------------------------
Subject Cr
Assessment Parameters End Sem 
Exam (60)
Semester I
Sr.
No Sub Code T/P ST(5) QT(5) AS(5) MTE(25) To(40)
TO
(100) TM Grade
1 Engineering Mathematics - I 20BTTBS101 3 T 5 5 4 25 - - - 39 60 99 100 O
2 Engineering Physics 20BTTBS102 3 T 5 5 5 23 - - - 38 59 97 100 O
3 Basic Electrical Engineering 20BTTES101 2 T 4 5 5 19 - - - 33 56 89 100 E
4 Basics of Mechanical Engineering 20BTTES103 2 T 5 5 5 21 - - - 36 50 86 100 E
5 Communicative English 20BTTHS101 2 T 5 5 4 23 - - - 37 54 91 100 O
EPE
(20)
RI(30) R(30) UVE(20) To(100) 100
6 Engineering Physics Lab 20BTPBS101 1 P 19 28 28 18 - - - 93 - 93 100 O
7 Basic Electrical Engineering Lab 20BTPES101 1 P 17 28 27 16 - - - 88 - 88 100 E
8 Basics of Mechanical Engineering Lab 20BTPES103 1 P 18 28 28 18 - - - 92 - 92 100 O
9 English Language Lab 20BTPHS101 1 P 18 28 30 20 - - - 96 - 96 100 O
10 Induction Training 20BTPMC10
1
0 P 20 28 28 20 - - - 96 - 96 100 O
QRVV
(20)
UJRT
(30)
QJ
(50)
To(100) 100
11 Workshop Practice 20BTPES106 2 P 18 27 46 - - - - 91 - 91 100 O
1018 11009.729.7218Total Credit : SGPA: CGPA: Total:
Subject Cr
Assessment Parameters End Sem 
Exam (60)
Semester II
Sr.
No Sub Code T/P ST(5) QT(5) AS(5) MTE(25) To(40)
TO
(100) TM Grade
1 Engineering Mathematics - II 20BTTBS204 3 T 4 5 5 21 - - - 35 33 68 100 B
2 Engineering Chemistry 20BTTBS203 3 T 5 5 4 25 - - - 39 60 99 100 O
3 Engineering Mechanics 20BTTES205 3 T 5 5 5 25 - - - 40 45 85 100 E
4 Programming for problem solving using C 20BTTES206 3 T 5 5 5 23 - - - 38 55 93 100 O
5 Basic Electronics Engineering 20BTTES202 2 T 5 5 4 25 - - - 39 60 99 100 O
6 Basics of Civil Engineering 20BTTES204 2 T 5 4 4 25 - - - 38 60 98 100 O
7 Business Communication and Life Skills 20BTTHS202 2 T 5 5 5 21 - - - 36 56 92 100 O
EPE
(20)
RI(30) R(30) UVE(20) To(100) 100
8 Engineering Chemistry Lab 20BTPBS202 1 P 20 30 30 20 - - - 100 - 100 100 O
9 Programming for problem solving using C 
Lab
20BTPES207 2 P 19 29 28 19 - - - 95 - 95 100 O
10 Basic Electronics Engineering Lab 20BTPES202 1 P 19 29 30 19 - - - 97 - 97 100 O
11 Basics of Civil Engineering Lab 20BTPES204 1 P 17 27 27 18 - - - 89 - 89 100 E
12 NCC / NSS / Yoga 20BTPMC20
2
0 P 15 25 22 14 - - - 76 - 76 100 A
QRVV
(20)
UJRT
(30)
QJ
(50)
To(100) 100
13 Engineering Graphics & Design Lab 20BTPES205 2 P 10 30 50 - - - - 90 - 90 100 O
2001287025Reg  No :
1181 13009.589.4825Total Credit : SGPA: CGPA: Total:
Subject Cr
Assessment Parameters End Sem 
Exam (60)
Semester III
Sr.
No Sub Code T/P ST(5) QT(5) AS(5) MTE(25) To(40)
TO
(100) TM Grade
1 Engineering Mathematics - III 20BTTBS305 3 T 4 5 4 22 - - - 35 52 87 100 E
2 Engineering Economics & Costing 20BTTHS304 2 T 5 5 5 21 - - - 36 30 66 100 B
3 Universal Human Values 20BTTHS305 2 T 3 4 4 23 - - - 34 48 82 100 E
4 Data Structure using C 20BTTES307 3 T 3 3 5 22 - - - 33 53 86 100 E
5 Object Oriented Programming Using JAVA 20BTCSETP
C301
3 T 5 5 5 23 - - - 38 54 92 100 O
6 Computer Organization & Architecture 20BTCSETP
C302
3 T 5 5 4 18 - - - 32 53 85 100 E
7 Environmental Science 20BTTMC301 0 T 3 4 4 23 - - - 34 46 80 100 E
EPE
(20)
RI(30) R(30) UVE(20) To(100) 100
8 Data Structures using C Lab 20BTPES308 1 P 18 27 27 19 - - - 91 - 91 100 O
9 Object Oriented Programming Using JAVA 
Lab
20BTCSEPP
C301
1 P 18 26 28 19 - - - 91 - 91 100 O
10 Computer Organization & Architecture Lab 20BTCSEPP
C302
1 P 20 25 27 20 - - - 92 - 92 100 O
11 Employability Skill - I 20BTCSEPP
C303
1 P 15 18 20 15 - - - 68 - 68 100 B
2001287025Reg  No :
920 11009.409.0020Total Credit : SGPA: CGPA: Total:
ABHISHEK BARIK
Bachelor of Technology in Computer Science and Engineering
2001287025Reg  No :
College Name :
Name of the Student :
Course                      
GITA AUTONOMOUS COLLEGE, BHUBANESWAR
(Affiliated to Biju Pattnaik University of Technology, Odisha)
Final Tabulation Register (Student wise) for passing out year 2023-24
GITA Autonomous College, BhubaneswarCollege Code            :     287
:

Page 1:
---------------------------------------------------
Latest PDF file found: TR (CSE) (1 to 100) B.Tech. 20-24 (1).pdf
=================
studentRegno :2001287025
regnoList: [2001287025]
=================
=================
studentRegno :2001287025
regnoList: [2001287025]
=================
=================
studentRegno :2001287025
regnoList: [2001287025]
=================
=================
Student sem :Semester I
=================
=================
Student sem :Semester II
=================
=================
Student sem :Semester III
=================
Serial No: 1
Subject Name: Engineering Mathematics - I
Subject Code: 20BTTBS101
Cr: 3
Type (T/P): T
ST (5): 5
QT (5): 5
AS (5): 4
MTE (25): 25
Empty Column1: -
Empty Column2: -
Empty Column3: -
TO (40): 39
End Sem Exam (60): 60
TO (100): 99
Total Marks: 100
Grade: O
----------------------------------------------------
----------------------------------------------------
Serial No: 2
Subject Name: Engineering Physics
Subject Code: 20BTTBS102
Cr: 3
Type (T/P): T
ST (5): 5
QT (5): 5
AS (5): 5
MTE (25): 23
Empty Column1: -
Empty Column2: -
Empty Column3: -
TO (40): 38
End Sem Exam (60): 59
TO (100): 97
Total Marks: 100
Grade: O
----------------------------------------------------
----------------------------------------------------
Serial No: 3
Subject Name: Basic Electrical Engineering
Subject Code: 20BTTES101
Cr: 2
Type (T/P): T
ST (5): 4
QT (5): 5
AS (5): 5
MTE (25): 19
Empty Column1: -
Empty Column2: -
Empty Column3: -
TO (40): 33
End Sem Exam (60): 56
TO (100): 89
Total Marks: 100
Grade: E
----------------------------------------------------
----------------------------------------------------
Serial No: 4
Subject Name: Basics of Mechanical Engineering
Subject Code: 20BTTES103
Cr: 2
Type (T/P): T
ST (5): 5
QT (5): 5
AS (5): 5
MTE (25): 21
Empty Column1: -
Empty Column2: -
Empty Column3: -
TO (40): 36
End Sem Exam (60): 50
TO (100): 86
Total Marks: 100
Grade: E
----------------------------------------------------
----------------------------------------------------
Serial No: 5
Subject Name: Communicative English
Subject Code: 20BTTHS101
Cr: 2
Type (T/P): T
ST (5): 5
QT (5): 5
AS (5): 4
MTE (25): 23
Empty Column1: -
Empty Column2: -
Empty Column3: -
TO (40): 37
End Sem Exam (60): 54
TO (100): 91
Total Marks: 100
Grade: O
----------------------------------------------------
----------------------------------------------------
Serial No: 1
Subject Name: Engineering Mathematics - II
Subject Code: 20BTTBS204
Cr: 3
Type (T/P): T
ST (5): 4
QT (5): 5
AS (5): 5
MTE (25): 21
Empty Column1: -
Empty Column2: -
Empty Column3: -
TO (40): 35
End Sem Exam (60): 33
TO (100): 68
Total Marks: 100
Grade: B
----------------------------------------------------
----------------------------------------------------
Serial No: 2
Subject Name: Engineering Chemistry
Subject Code: 20BTTBS203
Cr: 3
Type (T/P): T
ST (5): 5
QT (5): 5
AS (5): 4
MTE (25): 25
Empty Column1: -
Empty Column2: -
Empty Column3: -
TO (40): 39
End Sem Exam (60): 60
TO (100): 99
Total Marks: 100
Grade: O
----------------------------------------------------
----------------------------------------------------
Serial No: 3
Subject Name: Engineering Mechanics
Subject Code: 20BTTES205
Cr: 3
Type (T/P): T
ST (5): 5
QT (5): 5
AS (5): 5
MTE (25): 25
Empty Column1: -
Empty Column2: -
Empty Column3: -
TO (40): 40
End Sem Exam (60): 45
TO (100): 85
Total Marks: 100
Grade: E
----------------------------------------------------
----------------------------------------------------
Serial No: 4
Subject Name: Programming for problem solving using C
Subject Code: 20BTTES206
Cr: 3
Type (T/P): T
ST (5): 5
QT (5): 5
AS (5): 5
MTE (25): 23
Empty Column1: -
Empty Column2: -
Empty Column3: -
TO (40): 38
End Sem Exam (60): 55
TO (100): 93
Total Marks: 100
Grade: O
----------------------------------------------------
----------------------------------------------------
Serial No: 5
Subject Name: Basic Electronics Engineering
Subject Code: 20BTTES202
Cr: 2
Type (T/P): T
ST (5): 5
QT (5): 5
AS (5): 4
MTE (25): 25
Empty Column1: -
Empty Column2: -
Empty Column3: -
TO (40): 39
End Sem Exam (60): 60
TO (100): 99
Total Marks: 100
Grade: O
----------------------------------------------------
----------------------------------------------------
Serial No: 6
Subject Name: Basics of Civil Engineering
Subject Code: 20BTTES204
Cr: 2
Type (T/P): T
ST (5): 5
QT (5): 4
AS (5): 4
MTE (25): 25
Empty Column1: -
Empty Column2: -
Empty Column3: -
TO (40): 38
End Sem Exam (60): 60
TO (100): 98
Total Marks: 100
Grade: O
----------------------------------------------------
----------------------------------------------------
Serial No: 7
Subject Name: Business Communication and Life Skills
Subject Code: 20BTTHS202
Cr: 2
Type (T/P): T
ST (5): 5
QT (5): 5
AS (5): 5
MTE (25): 21
Empty Column1: -
Empty Column2: -
Empty Column3: -
TO (40): 36
End Sem Exam (60): 56
TO (100): 92
Total Marks: 100
Grade: O
----------------------------------------------------
----------------------------------------------------
Serial No: 1
Subject Name: Engineering Mathematics - III
Subject Code: 20BTTBS305
Cr: 3
Type (T/P): T
ST (5): 4
QT (5): 5
AS (5): 4
MTE (25): 22
Empty Column1: -
Empty Column2: -
Empty Column3: -
TO (40): 35
End Sem Exam (60): 52
TO (100): 87
Total Marks: 100
Grade: E
----------------------------------------------------
----------------------------------------------------
Serial No: 3
Subject Name: Universal Human Values
Subject Code: 20BTTHS305
Cr: 2
Type (T/P): T
ST (5): 3
QT (5): 4
AS (5): 4
MTE (25): 23
Empty Column1: -
Empty Column2: -
Empty Column3: -
TO (40): 34
End Sem Exam (60): 48
TO (100): 82
Total Marks: 100
Grade: E
----------------------------------------------------
----------------------------------------------------
Serial No: 4
Subject Name: Data Structure using C
Subject Code: 20BTTES307
Cr: 3
Type (T/P): T
ST (5): 3
QT (5): 3
AS (5): 5
MTE (25): 22
Empty Column1: -
Empty Column2: -
Empty Column3: -
TO (40): 33
End Sem Exam (60): 53
TO (100): 86
Total Marks: 100
Grade: E
----------------------------------------------------
----------------------------------------------------
Serial No: 7
Subject Name: Environmental Science
Subject Code: 20BTTMC301
Cr: 0
Type (T/P): T
ST (5): 3
QT (5): 4
AS (5): 4
MTE (25): 23
Empty Column1: -
Empty Column2: -
Empty Column3: -
TO (40): 34
End Sem Exam (60): 46
TO (100): 80
Total Marks: 100
Grade: E
----------------------------------------------------
----------------------------------------------------
PDF Data Read Test Completed.
]]></system-out>
    <system-err><![CDATA[ERROR StatusLogger Log4j2 could not find a logging implementation. Please add log4j-core to the classpath. Using SimpleLogger to log to the console...
]]></system-err>
  </testcase>
</testsuite>