<?xml version="1.0" encoding="UTF-8"?>
<testng-results ignored="9" total="20" passed="11" failed="0" skipped="0">
  <reporter-output>
  </reporter-output>
  <suite started-at="2025-03-07T18:52:54 IST" name="Default suite" finished-at="2025-03-07T18:59:16 IST" duration-ms="381029">
    <groups>
    </groups>
    <test started-at="2025-03-07T18:52:54 IST" name="Default test" finished-at="2025-03-07T18:59:16 IST" duration-ms="381029">
      <class name="runner_Execution.Exceution">
        <test-method is-config="true" signature="beforeSuite()[pri:0, instance:runner_Execution.Exceution@4d1c00d0]" started-at="2025-03-07T18:52:21 IST" name="beforeSuite" finished-at="2025-03-07T18:52:54 IST" duration-ms="33331" status="PASS">
          <reporter-output>
          </reporter-output>
        </test-method> <!-- beforeSuite -->
        <test-method is-config="true" signature="beforeTest()[pri:0, instance:runner_Execution.Exceution@4d1c00d0]" started-at="2025-03-07T18:52:54 IST" name="beforeTest" finished-at="2025-03-07T18:52:54 IST" duration-ms="1" status="PASS">
          <reporter-output>
          </reporter-output>
        </test-method> <!-- beforeTest -->
        <test-method is-config="true" signature="beforeClass()[pri:0, instance:runner_Execution.Exceution@4d1c00d0]" started-at="2025-03-07T18:52:55 IST" name="beforeClass" finished-at="2025-03-07T18:52:55 IST" duration-ms="1" status="PASS">
          <reporter-output>
          </reporter-output>
        </test-method> <!-- beforeClass -->
        <test-method is-config="true" signature="beforeMethod()[pri:0, instance:runner_Execution.Exceution@4d1c00d0]" started-at="2025-03-07T18:53:06 IST" name="beforeMethod" finished-at="2025-03-07T18:53:06 IST" duration-ms="1" status="PASS">
          <reporter-output>
          </reporter-output>
        </test-method> <!-- beforeMethod -->
        <test-method signature="testCase11(java.lang.Object,java.lang.Object,java.lang.Object)[pri:1, instance:runner_Execution.Exceution@4d1c00d0]" started-at="2025-03-07T18:53:06 IST" name="testCase11" data-provider="excel" finished-at="2025-03-07T18:53:40 IST" duration-ms="34133" status="PASS">
          <params>
            <param index="0">
              <value>
                <![CDATA[F22032003052]]>
              </value>
            </param>
            <param index="1">
              <value>
                <![CDATA[5]]>
              </value>
            </param>
            <param index="2">
              <value>
                <![CDATA[DI case]]>
              </value>
            </param>
          </params>
          <reporter-output>
          </reporter-output>
        </test-method> <!-- testCase11 -->
        <test-method is-config="true" signature="afterMethod()[pri:0, instance:runner_Execution.Exceution@4d1c00d0]" started-at="2025-03-07T18:53:40 IST" name="afterMethod" finished-at="2025-03-07T18:53:40 IST" duration-ms="0" status="PASS">
          <reporter-output>
          </reporter-output>
        </test-method> <!-- afterMethod -->
        <test-method is-config="true" signature="beforeMethod()[pri:0, instance:runner_Execution.Exceution@4d1c00d0]" started-at="2025-03-07T18:53:40 IST" name="beforeMethod" finished-at="2025-03-07T18:53:40 IST" duration-ms="1" status="PASS">
          <reporter-output>
          </reporter-output>
        </test-method> <!-- beforeMethod -->
        <test-method signature="testCase11(java.lang.Object,java.lang.Object,java.lang.Object)[pri:1, instance:runner_Execution.Exceution@4d1c00d0]" started-at="2025-03-07T18:53:40 IST" name="testCase11" data-provider="excel" finished-at="2025-03-07T18:54:14 IST" duration-ms="33542" status="PASS">
          <params>
            <param index="0">
              <value>
                <![CDATA[F21024002098]]>
              </value>
            </param>
            <param index="1">
              <value>
                <![CDATA[5]]>
              </value>
            </param>
            <param index="2">
              <value>
                <![CDATA[MP-ExRegular]]>
              </value>
            </param>
          </params>
          <reporter-output>
          </reporter-output>
        </test-method> <!-- testCase11 -->
        <test-method is-config="true" signature="afterMethod()[pri:0, instance:runner_Execution.Exceution@4d1c00d0]" started-at="2025-03-07T18:54:14 IST" name="afterMethod" finished-at="2025-03-07T18:54:14 IST" duration-ms="3" status="PASS">
          <reporter-output>
          </reporter-output>
        </test-method> <!-- afterMethod -->
        <test-method is-config="true" signature="beforeMethod()[pri:0, instance:runner_Execution.Exceution@4d1c00d0]" started-at="2025-03-07T18:54:14 IST" name="beforeMethod" finished-at="2025-03-07T18:54:14 IST" duration-ms="1" status="PASS">
          <reporter-output>
          </reporter-output>
        </test-method> <!-- beforeMethod -->
        <test-method signature="testCase11(java.lang.Object,java.lang.Object,java.lang.Object)[pri:1, instance:runner_Execution.Exceution@4d1c00d0]" started-at="2025-03-07T18:54:14 IST" name="testCase11" data-provider="excel" finished-at="2025-03-07T18:54:47 IST" duration-ms="33558" status="PASS">
          <params>
            <param index="0">
              <value>
                <![CDATA[L23060002015]]>
              </value>
            </param>
            <param index="1">
              <value>
                <![CDATA[5]]>
              </value>
            </param>
            <param index="2">
              <value>
                <![CDATA[Back-TH1]]>
              </value>
            </param>
          </params>
          <reporter-output>
          </reporter-output>
        </test-method> <!-- testCase11 -->
        <test-method is-config="true" signature="afterMethod()[pri:0, instance:runner_Execution.Exceution@4d1c00d0]" started-at="2025-03-07T18:54:47 IST" name="afterMethod" finished-at="2025-03-07T18:54:47 IST" duration-ms="0" status="PASS">
          <reporter-output>
          </reporter-output>
        </test-method> <!-- afterMethod -->
        <test-method signature="testCase11(java.lang.Object,java.lang.Object,java.lang.Object)[pri:1, instance:runner_Execution.Exceution@4d1c00d0]" started-at="2025-03-07T18:54:47 IST" name="testCase11" data-provider="excel" finished-at="2025-03-07T18:55:21 IST" duration-ms="33324" status="PASS">
          <params>
            <param index="0">
              <value>
                <![CDATA[F22060001003]]>
              </value>
            </param>
            <param index="1">
              <value>
                <![CDATA[5]]>
              </value>
            </param>
            <param index="2">
              <value>
                <![CDATA[Fail]]>
              </value>
            </param>
          </params>
          <reporter-output>
          </reporter-output>
        </test-method> <!-- testCase11 -->
        <test-method is-config="true" signature="beforeMethod()[pri:0, instance:runner_Execution.Exceution@4d1c00d0]" started-at="2025-03-07T18:54:47 IST" name="beforeMethod" finished-at="2025-03-07T18:54:47 IST" duration-ms="0" status="PASS">
          <reporter-output>
          </reporter-output>
        </test-method> <!-- beforeMethod -->
        <test-method is-config="true" signature="afterMethod()[pri:0, instance:runner_Execution.Exceution@4d1c00d0]" started-at="2025-03-07T18:55:21 IST" name="afterMethod" finished-at="2025-03-07T18:55:21 IST" duration-ms="0" status="PASS">
          <reporter-output>
          </reporter-output>
        </test-method> <!-- afterMethod -->
        <test-method signature="testCase11(java.lang.Object,java.lang.Object,java.lang.Object)[pri:1, instance:runner_Execution.Exceution@4d1c00d0]" started-at="2025-03-07T18:55:21 IST" name="testCase11" data-provider="excel" finished-at="2025-03-07T18:55:54 IST" duration-ms="33573" status="PASS">
          <params>
            <param index="0">
              <value>
                <![CDATA[F20060002019]]>
              </value>
            </param>
            <param index="1">
              <value>
                <![CDATA[3]]>
              </value>
            </param>
            <param index="2">
              <value>
                <![CDATA[Pass]]>
              </value>
            </param>
          </params>
          <reporter-output>
          </reporter-output>
        </test-method> <!-- testCase11 -->
        <test-method is-config="true" signature="beforeMethod()[pri:0, instance:runner_Execution.Exceution@4d1c00d0]" started-at="2025-03-07T18:55:21 IST" name="beforeMethod" finished-at="2025-03-07T18:55:21 IST" duration-ms="0" status="PASS">
          <reporter-output>
          </reporter-output>
        </test-method> <!-- beforeMethod -->
        <test-method is-config="true" signature="afterMethod()[pri:0, instance:runner_Execution.Exceution@4d1c00d0]" started-at="2025-03-07T18:55:54 IST" name="afterMethod" finished-at="2025-03-07T18:55:54 IST" duration-ms="1" status="PASS">
          <reporter-output>
          </reporter-output>
        </test-method> <!-- afterMethod -->
        <test-method signature="testCase11(java.lang.Object,java.lang.Object,java.lang.Object)[pri:1, instance:runner_Execution.Exceution@4d1c00d0]" started-at="2025-03-07T18:55:54 IST" name="testCase11" data-provider="excel" finished-at="2025-03-07T18:56:28 IST" duration-ms="33590" status="PASS">
          <params>
            <param index="0">
              <value>
                <![CDATA[F22024002052]]>
              </value>
            </param>
            <param index="1">
              <value>
                <![CDATA[5]]>
              </value>
            </param>
            <param index="2">
              <value>
                <![CDATA[MP Regular]]>
              </value>
            </param>
          </params>
          <reporter-output>
          </reporter-output>
        </test-method> <!-- testCase11 -->
        <test-method is-config="true" signature="beforeMethod()[pri:0, instance:runner_Execution.Exceution@4d1c00d0]" started-at="2025-03-07T18:55:54 IST" name="beforeMethod" finished-at="2025-03-07T18:55:54 IST" duration-ms="0" status="PASS">
          <reporter-output>
          </reporter-output>
        </test-method> <!-- beforeMethod -->
        <test-method signature="testCase11(java.lang.Object,java.lang.Object,java.lang.Object)[pri:1, instance:runner_Execution.Exceution@4d1c00d0]" started-at="2025-03-07T18:56:28 IST" name="testCase11" data-provider="excel" finished-at="2025-03-07T18:57:01 IST" duration-ms="33376" status="PASS">
          <params>
            <param index="0">
              <value>
                <![CDATA[F22092002103]]>
              </value>
            </param>
            <param index="1">
              <value>
                <![CDATA[5]]>
              </value>
            </param>
            <param index="2">
              <value>
                <![CDATA[DI-TH3]]>
              </value>
            </param>
          </params>
          <reporter-output>
          </reporter-output>
        </test-method> <!-- testCase11 -->
        <test-method is-config="true" signature="beforeMethod()[pri:0, instance:runner_Execution.Exceution@4d1c00d0]" started-at="2025-03-07T18:56:28 IST" name="beforeMethod" finished-at="2025-03-07T18:56:28 IST" duration-ms="0" status="PASS">
          <reporter-output>
          </reporter-output>
        </test-method> <!-- beforeMethod -->
        <test-method is-config="true" signature="afterMethod()[pri:0, instance:runner_Execution.Exceution@4d1c00d0]" started-at="2025-03-07T18:56:28 IST" name="afterMethod" finished-at="2025-03-07T18:56:28 IST" duration-ms="0" status="PASS">
          <reporter-output>
          </reporter-output>
        </test-method> <!-- afterMethod -->
        <test-method is-config="true" signature="afterMethod()[pri:0, instance:runner_Execution.Exceution@4d1c00d0]" started-at="2025-03-07T18:57:01 IST" name="afterMethod" finished-at="2025-03-07T18:57:01 IST" duration-ms="2" status="PASS">
          <reporter-output>
          </reporter-output>
        </test-method> <!-- afterMethod -->
        <test-method signature="testCase11(java.lang.Object,java.lang.Object,java.lang.Object)[pri:1, instance:runner_Execution.Exceution@4d1c00d0]" started-at="2025-03-07T18:57:01 IST" name="testCase11" data-provider="excel" finished-at="2025-03-07T18:57:35 IST" duration-ms="33480" status="PASS">
          <params>
            <param index="0">
              <value>
                <![CDATA[L23146004008]]>
              </value>
            </param>
            <param index="1">
              <value>
                <![CDATA[5]]>
              </value>
            </param>
            <param index="2">
              <value>
                <![CDATA[Fail(DI case)]]>
              </value>
            </param>
          </params>
          <reporter-output>
          </reporter-output>
        </test-method> <!-- testCase11 -->
        <test-method is-config="true" signature="beforeMethod()[pri:0, instance:runner_Execution.Exceution@4d1c00d0]" started-at="2025-03-07T18:57:01 IST" name="beforeMethod" finished-at="2025-03-07T18:57:01 IST" duration-ms="0" status="PASS">
          <reporter-output>
          </reporter-output>
        </test-method> <!-- beforeMethod -->
        <test-method is-config="true" signature="beforeMethod()[pri:0, instance:runner_Execution.Exceution@4d1c00d0]" started-at="2025-03-07T18:57:35 IST" name="beforeMethod" finished-at="2025-03-07T18:57:35 IST" duration-ms="0" status="PASS">
          <reporter-output>
          </reporter-output>
        </test-method> <!-- beforeMethod -->
        <test-method signature="testCase11(java.lang.Object,java.lang.Object,java.lang.Object)[pri:1, instance:runner_Execution.Exceution@4d1c00d0]" started-at="2025-03-07T18:57:35 IST" name="testCase11" data-provider="excel" finished-at="2025-03-07T18:58:08 IST" duration-ms="33732" status="PASS">
          <params>
            <param index="0">
              <value>
                <![CDATA[F22032003052]]>
              </value>
            </param>
            <param index="1">
              <value>
                <![CDATA[3]]>
              </value>
            </param>
            <param index="2">
              <value>
                <![CDATA[DI case]]>
              </value>
            </param>
          </params>
          <reporter-output>
          </reporter-output>
        </test-method> <!-- testCase11 -->
        <test-method is-config="true" signature="afterMethod()[pri:0, instance:runner_Execution.Exceution@4d1c00d0]" started-at="2025-03-07T18:57:35 IST" name="afterMethod" finished-at="2025-03-07T18:57:35 IST" duration-ms="0" status="PASS">
          <reporter-output>
          </reporter-output>
        </test-method> <!-- afterMethod -->
        <test-method is-config="true" signature="afterMethod()[pri:0, instance:runner_Execution.Exceution@4d1c00d0]" started-at="2025-03-07T18:58:08 IST" name="afterMethod" finished-at="2025-03-07T18:58:08 IST" duration-ms="1" status="PASS">
          <reporter-output>
          </reporter-output>
        </test-method> <!-- afterMethod -->
        <test-method is-config="true" signature="beforeMethod()[pri:0, instance:runner_Execution.Exceution@4d1c00d0]" started-at="2025-03-07T18:58:08 IST" name="beforeMethod" finished-at="2025-03-07T18:58:08 IST" duration-ms="0" status="PASS">
          <reporter-output>
          </reporter-output>
        </test-method> <!-- beforeMethod -->
        <test-method signature="testCase11(java.lang.Object,java.lang.Object,java.lang.Object)[pri:1, instance:runner_Execution.Exceution@4d1c00d0]" started-at="2025-03-07T18:58:08 IST" name="testCase11" data-provider="excel" finished-at="2025-03-07T18:58:42 IST" duration-ms="33652" status="PASS">
          <params>
            <param index="0">
              <value>
                <![CDATA[F22103004011]]>
              </value>
            </param>
            <param index="1">
              <value>
                <![CDATA[5]]>
              </value>
            </param>
            <param index="2">
              <value>
                <![CDATA[Back-TH1,TH2,TH3,TH4,TH5]]>
              </value>
            </param>
          </params>
          <reporter-output>
          </reporter-output>
        </test-method> <!-- testCase11 -->
        <test-method is-config="true" signature="afterMethod()[pri:0, instance:runner_Execution.Exceution@4d1c00d0]" started-at="2025-03-07T18:58:42 IST" name="afterMethod" finished-at="2025-03-07T18:58:42 IST" duration-ms="1" status="PASS">
          <reporter-output>
          </reporter-output>
        </test-method> <!-- afterMethod -->
        <test-method is-config="true" signature="beforeMethod()[pri:0, instance:runner_Execution.Exceution@4d1c00d0]" started-at="2025-03-07T18:58:42 IST" name="beforeMethod" finished-at="2025-03-07T18:58:42 IST" duration-ms="0" status="PASS">
          <reporter-output>
          </reporter-output>
        </test-method> <!-- beforeMethod -->
        <test-method signature="testCase11(java.lang.Object,java.lang.Object,java.lang.Object)[pri:1, instance:runner_Execution.Exceution@4d1c00d0]" started-at="2025-03-07T18:58:42 IST" name="testCase11" data-provider="excel" finished-at="2025-03-07T18:59:16 IST" duration-ms="33408" status="PASS">
          <params>
            <param index="0">
              <value>
                <![CDATA[L23096005004]]>
              </value>
            </param>
            <param index="1">
              <value>
                <![CDATA[5]]>
              </value>
            </param>
            <param index="2">
              <value>
                <![CDATA[Back-PR1,PR2]]>
              </value>
            </param>
          </params>
          <reporter-output>
          </reporter-output>
        </test-method> <!-- testCase11 -->
        <test-method is-config="true" signature="afterMethod()[pri:0, instance:runner_Execution.Exceution@4d1c00d0]" started-at="2025-03-07T18:59:16 IST" name="afterMethod" finished-at="2025-03-07T18:59:16 IST" duration-ms="1" status="PASS">
          <reporter-output>
          </reporter-output>
        </test-method> <!-- afterMethod -->
        <test-method is-config="true" signature="afterClass()[pri:0, instance:runner_Execution.Exceution@4d1c00d0]" started-at="2025-03-07T18:59:16 IST" name="afterClass" finished-at="2025-03-07T18:59:16 IST" duration-ms="1" status="PASS">
          <reporter-output>
          </reporter-output>
        </test-method> <!-- afterClass -->
        <test-method is-config="true" signature="afterTest()[pri:0, instance:runner_Execution.Exceution@4d1c00d0]" started-at="2025-03-07T18:59:16 IST" name="afterTest" finished-at="2025-03-07T18:59:16 IST" duration-ms="0" status="PASS">
          <reporter-output>
          </reporter-output>
        </test-method> <!-- afterTest -->
        <test-method is-config="true" signature="afterSuite()[pri:0, instance:runner_Execution.Exceution@4d1c00d0]" started-at="2025-03-07T18:59:16 IST" name="afterSuite" finished-at="2025-03-07T18:59:17 IST" duration-ms="1205" status="PASS">
          <reporter-output>
          </reporter-output>
        </test-method> <!-- afterSuite -->
      </class> <!-- runner_Execution.Exceution -->
    </test> <!-- Default test -->
  </suite> <!-- Default suite -->
</testng-results>
